<?xml version="1.0" encoding="UTF-8"?>
<testsuites>
  <testsuite name="C:\Proyectos\cursor\omnichannel-ddd-eda\phpunit.xml" tests="364" assertions="1202" errors="0" failures="0" skipped="0" time="79.307804">
    <testsuite name="Unit" tests="201" assertions="506" errors="0" failures="0" skipped="0" time="6.402894">
      <testsuite name="Tests\Unit\Console\Ops\PurgePlatformRetentionTableValidatorTest" file="C:\Proyectos\cursor\omnichannel-ddd-eda\tests\Unit\Console\Ops\PurgePlatformRetentionTableValidatorTest.php" tests="2" assertions="6" errors="0" failures="0" skipped="0" time="0.582557">
        <testcase name="normalize_empty_string_to_null" file="C:\Proyectos\cursor\omnichannel-ddd-eda\tests\Unit\Console\Ops\PurgePlatformRetentionTableValidatorTest.php" line="14" class="Tests\Unit\Console\Ops\PurgePlatformRetentionTableValidatorTest" classname="Tests.Unit.Console.Ops.PurgePlatformRetentionTableValidatorTest" assertions="3" time="0.548365"/>
        <testcase name="is_valid_accepts_allowed_tables_and_null" file="C:\Proyectos\cursor\omnichannel-ddd-eda\tests\Unit\Console\Ops\PurgePlatformRetentionTableValidatorTest.php" line="24" class="Tests\Unit\Console\Ops\PurgePlatformRetentionTableValidatorTest" classname="Tests.Unit.Console.Ops.PurgePlatformRetentionTableValidatorTest" assertions="3" time="0.034191"/>
      </testsuite>
      <testsuite name="Tests\Unit\Console\Presenters\PurgePlatformRetentionConsoleReporterTest" file="C:\Proyectos\cursor\omnichannel-ddd-eda\tests\Unit\Console\Presenters\PurgePlatformRetentionConsoleReporterTest.php" tests="2" assertions="6" errors="0" failures="0" skipped="0" time="0.236825">
        <testcase name="report_invalid_table_returns_failure" file="C:\Proyectos\cursor\omnichannel-ddd-eda\tests\Unit\Console\Presenters\PurgePlatformRetentionConsoleReporterTest.php" line="18" class="Tests\Unit\Console\Presenters\PurgePlatformRetentionConsoleReporterTest" classname="Tests.Unit.Console.Presenters.PurgePlatformRetentionConsoleReporterTest" assertions="2" time="0.159784"/>
        <testcase name="report_purge_results_renders_skipped_and_summary" file="C:\Proyectos\cursor\omnichannel-ddd-eda\tests\Unit\Console\Presenters\PurgePlatformRetentionConsoleReporterTest.php" line="29" class="Tests\Unit\Console\Presenters\PurgePlatformRetentionConsoleReporterTest" classname="Tests.Unit.Console.Presenters.PurgePlatformRetentionConsoleReporterTest" assertions="4" time="0.077040"/>
      </testsuite>
      <testsuite name="Tests\Unit\Console\Presenters\SimulateClientConsoleReporterTest" file="C:\Proyectos\cursor\omnichannel-ddd-eda\tests\Unit\Console\Presenters\SimulateClientConsoleReporterTest.php" tests="3" assertions="5" errors="0" failures="0" skipped="0" time="0.144614">
        <testcase name="report_fixture_not_found_writes_error_and_returns_failure" file="C:\Proyectos\cursor\omnichannel-ddd-eda\tests\Unit\Console\Presenters\SimulateClientConsoleReporterTest.php" line="19" class="Tests\Unit\Console\Presenters\SimulateClientConsoleReporterTest" classname="Tests.Unit.Console.Presenters.SimulateClientConsoleReporterTest" assertions="2" time="0.052512"/>
        <testcase name="report_simulation_result_returns_failure_on_validation_errors" file="C:\Proyectos\cursor\omnichannel-ddd-eda\tests\Unit\Console\Presenters\SimulateClientConsoleReporterTest.php" line="34" class="Tests\Unit\Console\Presenters\SimulateClientConsoleReporterTest" classname="Tests.Unit.Console.Presenters.SimulateClientConsoleReporterTest" assertions="2" time="0.047911"/>
        <testcase name="report_publish_plan_outputs_rate_summary" file="C:\Proyectos\cursor\omnichannel-ddd-eda\tests\Unit\Console\Presenters\SimulateClientConsoleReporterTest.php" line="50" class="Tests\Unit\Console\Presenters\SimulateClientConsoleReporterTest" classname="Tests.Unit.Console.Presenters.SimulateClientConsoleReporterTest" assertions="1" time="0.044191"/>
      </testsuite>
      <testsuite name="Tests\Unit\Console\Simulation\SimulateClientCommandOptionsTest" file="C:\Proyectos\cursor\omnichannel-ddd-eda\tests\Unit\Console\Simulation\SimulateClientCommandOptionsTest.php" tests="2" assertions="4" errors="0" failures="0" skipped="0" time="0.057641">
        <testcase name="publish_plan_uses_burst_mode_when_per_minute_is_absent" file="C:\Proyectos\cursor\omnichannel-ddd-eda\tests\Unit\Console\Simulation\SimulateClientCommandOptionsTest.php" line="14" class="Tests\Unit\Console\Simulation\SimulateClientCommandOptionsTest" classname="Tests.Unit.Console.Simulation.SimulateClientCommandOptionsTest" assertions="2" time="0.028074"/>
        <testcase name="publish_plan_computes_rate_and_duration" file="C:\Proyectos\cursor\omnichannel-ddd-eda\tests\Unit\Console\Simulation\SimulateClientCommandOptionsTest.php" line="33" class="Tests\Unit\Console\Simulation\SimulateClientCommandOptionsTest" classname="Tests.Unit.Console.Simulation.SimulateClientCommandOptionsTest" assertions="2" time="0.029567"/>
      </testsuite>
      <testsuite name="Tests\Unit\Console\Simulation\SimulateClientOrchestratorTest" file="C:\Proyectos\cursor\omnichannel-ddd-eda\tests\Unit\Console\Simulation\SimulateClientOrchestratorTest.php" tests="3" assertions="8" errors="0" failures="0" skipped="0" time="0.132011">
        <testcase name="missing_fixture_slugs_returns_available_list_for_unknown_slug" file="C:\Proyectos\cursor\omnichannel-ddd-eda\tests\Unit\Console\Simulation\SimulateClientOrchestratorTest.php" line="15" class="Tests\Unit\Console\Simulation\SimulateClientOrchestratorTest" classname="Tests.Unit.Console.Simulation.SimulateClientOrchestratorTest" assertions="3" time="0.058934"/>
        <testcase name="missing_fixture_slugs_is_null_for_known_fixture" file="C:\Proyectos\cursor\omnichannel-ddd-eda\tests\Unit\Console\Simulation\SimulateClientOrchestratorTest.php" line="27" class="Tests\Unit\Console\Simulation\SimulateClientOrchestratorTest" classname="Tests.Unit.Console.Simulation.SimulateClientOrchestratorTest" assertions="1" time="0.033168"/>
        <testcase name="simulate_delegates_with_zero_events_without_sync_or_validate" file="C:\Proyectos\cursor\omnichannel-ddd-eda\tests\Unit\Console\Simulation\SimulateClientOrchestratorTest.php" line="35" class="Tests\Unit\Console\Simulation\SimulateClientOrchestratorTest" classname="Tests.Unit.Console.Simulation.SimulateClientOrchestratorTest" assertions="4" time="0.039909"/>
      </testsuite>
      <testsuite name="Tests\Unit\Control\ClientDashboardMetricsCatalogServiceTest" file="C:\Proyectos\cursor\omnichannel-ddd-eda\tests\Unit\Control\ClientDashboardMetricsCatalogServiceTest.php" tests="2" assertions="7" errors="0" failures="0" skipped="0" time="0.419718">
        <testcase name="catalog_empty_without_tenant_modules" file="C:\Proyectos\cursor\omnichannel-ddd-eda\tests\Unit\Control\ClientDashboardMetricsCatalogServiceTest.php" line="25" class="Tests\Unit\Control\ClientDashboardMetricsCatalogServiceTest" classname="Tests.Unit.Control.ClientDashboardMetricsCatalogServiceTest" assertions="2" time="0.370271"/>
        <testcase name="catalog_and_series_when_modules_configured" file="C:\Proyectos\cursor\omnichannel-ddd-eda\tests\Unit\Control\ClientDashboardMetricsCatalogServiceTest.php" line="42" class="Tests\Unit\Control\ClientDashboardMetricsCatalogServiceTest" classname="Tests.Unit.Control.ClientDashboardMetricsCatalogServiceTest" assertions="5" time="0.049447"/>
      </testsuite>
      <testsuite name="Tests\Unit\Control\ClientDashboardModulesConfigurationTest" file="C:\Proyectos\cursor\omnichannel-ddd-eda\tests\Unit\Control\ClientDashboardModulesConfigurationTest.php" tests="1" assertions="3" errors="0" failures="0" skipped="0" time="0.064178">
        <testcase name="presentation_is_empty_until_dashboard_visibility_is_configured" file="C:\Proyectos\cursor\omnichannel-ddd-eda\tests\Unit\Control\ClientDashboardModulesConfigurationTest.php" line="22" class="Tests\Unit\Control\ClientDashboardModulesConfigurationTest" classname="Tests.Unit.Control.ClientDashboardModulesConfigurationTest" assertions="3" time="0.064178"/>
      </testsuite>
      <testsuite name="Tests\Unit\Control\ClientDashboardModulesServiceTest" file="C:\Proyectos\cursor\omnichannel-ddd-eda\tests\Unit\Control\ClientDashboardModulesServiceTest.php" tests="2" assertions="5" errors="0" failures="0" skipped="0" time="0.079100">
        <testcase name="presentation_filters_by_visible_ids_and_exposes_available" file="C:\Proyectos\cursor\omnichannel-ddd-eda\tests\Unit\Control\ClientDashboardModulesServiceTest.php" line="22" class="Tests\Unit\Control\ClientDashboardModulesServiceTest" classname="Tests.Unit.Control.ClientDashboardModulesServiceTest" assertions="4" time="0.044898"/>
        <testcase name="update_visible_modules_persists_subset" file="C:\Proyectos\cursor\omnichannel-ddd-eda\tests\Unit\Control\ClientDashboardModulesServiceTest.php" line="62" class="Tests\Unit\Control\ClientDashboardModulesServiceTest" classname="Tests.Unit.Control.ClientDashboardModulesServiceTest" assertions="1" time="0.034202"/>
      </testsuite>
      <testsuite name="Tests\Unit\Control\ClientInstancePortalServiceTest" file="C:\Proyectos\cursor\omnichannel-ddd-eda\tests\Unit\Control\ClientInstancePortalServiceTest.php" tests="2" assertions="12" errors="0" failures="0" skipped="0" time="0.071028">
        <testcase name="branding_and_live_modules_follow_instance_tenant_catalog" file="C:\Proyectos\cursor\omnichannel-ddd-eda\tests\Unit\Control\ClientInstancePortalServiceTest.php" line="21" class="Tests\Unit\Control\ClientInstancePortalServiceTest" classname="Tests.Unit.Control.ClientInstancePortalServiceTest" assertions="10" time="0.037685"/>
        <testcase name="producer_and_subscriber_node_keys_are_stable" file="C:\Proyectos\cursor\omnichannel-ddd-eda\tests\Unit\Control\ClientInstancePortalServiceTest.php" line="69" class="Tests\Unit\Control\ClientInstancePortalServiceTest" classname="Tests.Unit.Control.ClientInstancePortalServiceTest" assertions="2" time="0.033343"/>
      </testsuite>
      <testsuite name="Tests\Unit\Control\Presenters\ClientIncidentReportPresenterTest" file="C:\Proyectos\cursor\omnichannel-ddd-eda\tests\Unit\Control\Presenters\ClientIncidentReportPresenterTest.php" tests="3" assertions="14" errors="0" failures="0" skipped="0" time="0.071730">
        <testcase name="status_and_severity_labels_match_spanish_contract" file="C:\Proyectos\cursor\omnichannel-ddd-eda\tests\Unit\Control\Presenters\ClientIncidentReportPresenterTest.php" line="18" class="Tests\Unit\Control\Presenters\ClientIncidentReportPresenterTest" classname="Tests.Unit.Control.Presenters.ClientIncidentReportPresenterTest" assertions="4" time="0.026733"/>
        <testcase name="to_client_inbox_preserves_response_and_unread_flags" file="C:\Proyectos\cursor\omnichannel-ddd-eda\tests\Unit\Control\Presenters\ClientIncidentReportPresenterTest.php" line="27" class="Tests\Unit\Control\Presenters\ClientIncidentReportPresenterTest" classname="Tests.Unit.Control.Presenters.ClientIncidentReportPresenterTest" assertions="5" time="0.022627"/>
        <testcase name="to_control_presentation_includes_diagnostic_summary" file="C:\Proyectos\cursor\omnichannel-ddd-eda\tests\Unit\Control\Presenters\ClientIncidentReportPresenterTest.php" line="51" class="Tests\Unit\Control\Presenters\ClientIncidentReportPresenterTest" classname="Tests.Unit.Control.Presenters.ClientIncidentReportPresenterTest" assertions="5" time="0.022370"/>
      </testsuite>
      <testsuite name="Tests\Unit\Control\Presenters\ProvisionNewTenantResultPresenterTest" file="C:\Proyectos\cursor\omnichannel-ddd-eda\tests\Unit\Control\Presenters\ProvisionNewTenantResultPresenterTest.php" tests="2" assertions="5" errors="0" failures="0" skipped="0" time="0.043122">
        <testcase name="it_presents_success_message_when_fleet_provisioned" file="C:\Proyectos\cursor\omnichannel-ddd-eda\tests\Unit\Control\Presenters\ProvisionNewTenantResultPresenterTest.php" line="16" class="Tests\Unit\Control\Presenters\ProvisionNewTenantResultPresenterTest" classname="Tests.Unit.Control.Presenters.ProvisionNewTenantResultPresenterTest" assertions="3" time="0.021693"/>
        <testcase name="it_presents_deployment_guide_when_fleet_not_provisioned" file="C:\Proyectos\cursor\omnichannel-ddd-eda\tests\Unit\Control\Presenters\ProvisionNewTenantResultPresenterTest.php" line="38" class="Tests\Unit\Control\Presenters\ProvisionNewTenantResultPresenterTest" classname="Tests.Unit.Control.Presenters.ProvisionNewTenantResultPresenterTest" assertions="2" time="0.021428"/>
      </testsuite>
      <testsuite name="Tests\Unit\Control\SimulationRunFailureHandlerTest" file="C:\Proyectos\cursor\omnichannel-ddd-eda\tests\Unit\Control\SimulationRunFailureHandlerTest.php" tests="1" assertions="5" errors="0" failures="0" skipped="0" time="0.091950">
        <testcase name="it_registers_incident_and_failure_report_on_control_plane" file="C:\Proyectos\cursor\omnichannel-ddd-eda\tests\Unit\Control\SimulationRunFailureHandlerTest.php" line="20" class="Tests\Unit\Control\SimulationRunFailureHandlerTest" classname="Tests.Unit.Control.SimulationRunFailureHandlerTest" assertions="5" time="0.091950"/>
      </testsuite>
      <testsuite name="Tests\Unit\Control\SimulationRunHandoffStoreTest" file="C:\Proyectos\cursor\omnichannel-ddd-eda\tests\Unit\Control\SimulationRunHandoffStoreTest.php" tests="1" assertions="5" errors="0" failures="0" skipped="0" time="0.047679">
        <testcase name="it_writes_and_reads_handoff_payload" file="C:\Proyectos\cursor\omnichannel-ddd-eda\tests\Unit\Control\SimulationRunHandoffStoreTest.php" line="19" class="Tests\Unit\Control\SimulationRunHandoffStoreTest" classname="Tests.Unit.Control.SimulationRunHandoffStoreTest" assertions="5" time="0.047679"/>
      </testsuite>
      <testsuite name="Tests\Unit\Control\SimulationRunHandoffSyncTest" file="C:\Proyectos\cursor\omnichannel-ddd-eda\tests\Unit\Control\SimulationRunHandoffSyncTest.php" tests="2" assertions="5" errors="0" failures="0" skipped="0" time="0.130223">
        <testcase name="it_syncs_progress_from_handoff_file_to_run_row" file="C:\Proyectos\cursor\omnichannel-ddd-eda\tests\Unit\Control\SimulationRunHandoffSyncTest.php" line="20" class="Tests\Unit\Control\SimulationRunHandoffSyncTest" classname="Tests.Unit.Control.SimulationRunHandoffSyncTest" assertions="2" time="0.058661"/>
        <testcase name="it_completes_run_from_handoff_terminal_state_without_http" file="C:\Proyectos\cursor\omnichannel-ddd-eda\tests\Unit\Control\SimulationRunHandoffSyncTest.php" line="55" class="Tests\Unit\Control\SimulationRunHandoffSyncTest" classname="Tests.Unit.Control.SimulationRunHandoffSyncTest" assertions="3" time="0.071562"/>
      </testsuite>
      <testsuite name="Tests\Unit\Control\SimulationRunWorkerMonitorTest" file="C:\Proyectos\cursor\omnichannel-ddd-eda\tests\Unit\Control\SimulationRunWorkerMonitorTest.php" tests="3" assertions="6" errors="0" failures="0" skipped="0" time="0.148294">
        <testcase name="max_wall_clock_minutes_scales_with_planned_events" file="C:\Proyectos\cursor\omnichannel-ddd-eda\tests\Unit\Control\SimulationRunWorkerMonitorTest.php" line="19" class="Tests\Unit\Control\SimulationRunWorkerMonitorTest" classname="Tests.Unit.Control.SimulationRunWorkerMonitorTest" assertions="3" time="0.037635"/>
        <testcase name="dispatched_handoff_without_worker_log_is_not_treated_as_alive" file="C:\Proyectos\cursor\omnichannel-ddd-eda\tests\Unit\Control\SimulationRunWorkerMonitorTest.php" line="61" class="Tests\Unit\Control\SimulationRunWorkerMonitorTest" classname="Tests.Unit.Control.SimulationRunWorkerMonitorTest" assertions="1" time="0.041714"/>
        <testcase name="publishing_handoff_with_stale_progress_is_not_treated_as_alive" file="C:\Proyectos\cursor\omnichannel-ddd-eda\tests\Unit\Control\SimulationRunWorkerMonitorTest.php" line="91" class="Tests\Unit\Control\SimulationRunWorkerMonitorTest" classname="Tests.Unit.Control.SimulationRunWorkerMonitorTest" assertions="2" time="0.068945"/>
      </testsuite>
      <testsuite name="Tests\Unit\Control\Support\ClientIncidentReportSupportServicesTest" file="C:\Proyectos\cursor\omnichannel-ddd-eda\tests\Unit\Control\Support\ClientIncidentReportSupportServicesTest.php" tests="3" assertions="6" errors="0" failures="0" skipped="0" time="0.086738">
        <testcase name="severity_normalizer_defaults_unknown_values_to_normal" file="C:\Proyectos\cursor\omnichannel-ddd-eda\tests\Unit\Control\Support\ClientIncidentReportSupportServicesTest.php" line="19" class="Tests\Unit\Control\Support\ClientIncidentReportSupportServicesTest" classname="Tests.Unit.Control.Support.ClientIncidentReportSupportServicesTest" assertions="2" time="0.032538"/>
        <testcase name="tenant_resolver_prefers_configured_client_slug" file="C:\Proyectos\cursor\omnichannel-ddd-eda\tests\Unit\Control\Support\ClientIncidentReportSupportServicesTest.php" line="28" class="Tests\Unit\Control\Support\ClientIncidentReportSupportServicesTest" classname="Tests.Unit.Control.Support.ClientIncidentReportSupportServicesTest" assertions="2" time="0.025520"/>
        <testcase name="tenant_resolver_falls_back_to_first_tenant_when_slug_missing" file="C:\Proyectos\cursor\omnichannel-ddd-eda\tests\Unit\Control\Support\ClientIncidentReportSupportServicesTest.php" line="55" class="Tests\Unit\Control\Support\ClientIncidentReportSupportServicesTest" classname="Tests.Unit.Control.Support.ClientIncidentReportSupportServicesTest" assertions="2" time="0.028680"/>
      </testsuite>
      <testsuite name="Tests\Unit\Control\Support\ProvisionNewTenantFleetFallbackHandlerTest" file="C:\Proyectos\cursor\omnichannel-ddd-eda\tests\Unit\Control\Support\ProvisionNewTenantFleetFallbackHandlerTest.php" tests="1" assertions="6" errors="0" failures="0" skipped="0" time="0.030759">
        <testcase name="it_persists_pending_deployment_settings_when_fleet_is_unavailable" file="C:\Proyectos\cursor\omnichannel-ddd-eda\tests\Unit\Control\Support\ProvisionNewTenantFleetFallbackHandlerTest.php" line="19" class="Tests\Unit\Control\Support\ProvisionNewTenantFleetFallbackHandlerTest" classname="Tests.Unit.Control.Support.ProvisionNewTenantFleetFallbackHandlerTest" assertions="6" time="0.030759"/>
      </testsuite>
      <testsuite name="Tests\Unit\Control\Support\ProvisionNewTenantInputMapperTest" file="C:\Proyectos\cursor\omnichannel-ddd-eda\tests\Unit\Control\Support\ProvisionNewTenantInputMapperTest.php" tests="2" assertions="3" errors="0" failures="0" skipped="0" time="0.000574">
        <testcase name="it_filters_empty_profile_fields_and_ensures_middleware_module" file="C:\Proyectos\cursor\omnichannel-ddd-eda\tests\Unit\Control\Support\ProvisionNewTenantInputMapperTest.php" line="14" class="Tests\Unit\Control\Support\ProvisionNewTenantInputMapperTest" classname="Tests.Unit.Control.Support.ProvisionNewTenantInputMapperTest" assertions="2" time="0.000512"/>
        <testcase name="it_keeps_middleware_when_already_present" file="C:\Proyectos\cursor\omnichannel-ddd-eda\tests\Unit\Control\Support\ProvisionNewTenantInputMapperTest.php" line="36" class="Tests\Unit\Control\Support\ProvisionNewTenantInputMapperTest" classname="Tests.Unit.Control.Support.ProvisionNewTenantInputMapperTest" assertions="1" time="0.000062"/>
      </testsuite>
      <testsuite name="Tests\Unit\Control\TenantLifecyclePolicyTest" file="C:\Proyectos\cursor\omnichannel-ddd-eda\tests\Unit\Control\TenantLifecyclePolicyTest.php" tests="5" assertions="21" errors="0" failures="0" skipped="0" time="0.122972">
        <testcase name="test_can_start_blocks_suspended_and_allows_expected_lifecycles" file="C:\Proyectos\cursor\omnichannel-ddd-eda\tests\Unit\Control\TenantLifecyclePolicyTest.php" line="13" class="Tests\Unit\Control\TenantLifecyclePolicyTest" classname="Tests.Unit.Control.TenantLifecyclePolicyTest" assertions="6" time="0.025815"/>
        <testcase name="test_can_suspend_only_allows_active_status" file="C:\Proyectos\cursor\omnichannel-ddd-eda\tests\Unit\Control\TenantLifecyclePolicyTest.php" line="25" class="Tests\Unit\Control\TenantLifecyclePolicyTest" classname="Tests.Unit.Control.TenantLifecyclePolicyTest" assertions="4" time="0.026771"/>
        <testcase name="test_can_restore_only_allows_suspended_status" file="C:\Proyectos\cursor\omnichannel-ddd-eda\tests\Unit\Control\TenantLifecyclePolicyTest.php" line="34" class="Tests\Unit\Control\TenantLifecyclePolicyTest" classname="Tests.Unit.Control.TenantLifecyclePolicyTest" assertions="4" time="0.021765"/>
        <testcase name="test_infer_lifecycle_handles_missing_or_legacy_deployment_settings" file="C:\Proyectos\cursor\omnichannel-ddd-eda\tests\Unit\Control\TenantLifecyclePolicyTest.php" line="43" class="Tests\Unit\Control\TenantLifecyclePolicyTest" classname="Tests.Unit.Control.TenantLifecyclePolicyTest" assertions="6" time="0.024539"/>
        <testcase name="test_infer_lifecycle_prefers_explicit_lifecycle_field" file="C:\Proyectos\cursor\omnichannel-ddd-eda\tests\Unit\Control\TenantLifecyclePolicyTest.php" line="65" class="Tests\Unit\Control\TenantLifecyclePolicyTest" classname="Tests.Unit.Control.TenantLifecyclePolicyTest" assertions="1" time="0.024082"/>
      </testsuite>
      <testsuite name="Tests\Unit\Control\TenantModuleCatalogServiceTest" file="C:\Proyectos\cursor\omnichannel-ddd-eda\tests\Unit\Control\TenantModuleCatalogServiceTest.php" tests="1" assertions="2" errors="0" failures="0" skipped="0" time="0.026014">
        <testcase name="it_loads_pruebas_retail_catalog_from_instance_files_when_settings_empty" file="C:\Proyectos\cursor\omnichannel-ddd-eda\tests\Unit\Control\TenantModuleCatalogServiceTest.php" line="18" class="Tests\Unit\Control\TenantModuleCatalogServiceTest" classname="Tests.Unit.Control.TenantModuleCatalogServiceTest" assertions="2" time="0.026014"/>
      </testsuite>
      <testsuite name="Tests\Unit\Dashboard\ConfigModulesCatalogPresentationTest" file="C:\Proyectos\cursor\omnichannel-ddd-eda\tests\Unit\Dashboard\ConfigModulesCatalogPresentationTest.php" tests="2" assertions="12" errors="0" failures="0" skipped="0" time="0.050798">
        <testcase name="presentation_catalog_skips_invalid_rows_and_deduplicates_event_type_lists" file="C:\Proyectos\cursor\omnichannel-ddd-eda\tests\Unit\Dashboard\ConfigModulesCatalogPresentationTest.php" line="18" class="Tests\Unit\Dashboard\ConfigModulesCatalogPresentationTest" classname="Tests.Unit.Dashboard.ConfigModulesCatalogPresentationTest" assertions="11" time="0.026929"/>
        <testcase name="presentation_catalog_uses_default_contact_message_when_empty" file="C:\Proyectos\cursor\omnichannel-ddd-eda\tests\Unit\Dashboard\ConfigModulesCatalogPresentationTest.php" line="67" class="Tests\Unit\Dashboard\ConfigModulesCatalogPresentationTest" classname="Tests.Unit.Dashboard.ConfigModulesCatalogPresentationTest" assertions="1" time="0.023869"/>
      </testsuite>
      <testsuite name="Tests\Unit\Dashboard\EventFeedEntryLatencyTest" file="C:\Proyectos\cursor\omnichannel-ddd-eda\tests\Unit\Dashboard\EventFeedEntryLatencyTest.php" tests="1" assertions="2" errors="0" failures="0" skipped="0" time="0.002220">
        <testcase name="latency_ms_is_non_negative_difference_between_received_and_occurred" file="C:\Proyectos\cursor\omnichannel-ddd-eda\tests\Unit\Dashboard\EventFeedEntryLatencyTest.php" line="16" class="Tests\Unit\Dashboard\EventFeedEntryLatencyTest" classname="Tests.Unit.Dashboard.EventFeedEntryLatencyTest" assertions="2" time="0.002220"/>
      </testsuite>
      <testsuite name="Tests\Unit\Dashboard\EventImpactTest" file="C:\Proyectos\cursor\omnichannel-ddd-eda\tests\Unit\Dashboard\EventImpactTest.php" tests="3" assertions="4" errors="0" failures="0" skipped="0" time="0.000717">
        <testcase name="uses_impact_hint_when_present" file="C:\Proyectos\cursor\omnichannel-ddd-eda\tests\Unit\Dashboard\EventImpactTest.php" line="14" class="Tests\Unit\Dashboard\EventImpactTest" classname="Tests.Unit.Dashboard.EventImpactTest" assertions="1" time="0.000518"/>
        <testcase name="formats_numeric_delta_when_present" file="C:\Proyectos\cursor\omnichannel-ddd-eda\tests\Unit\Dashboard\EventImpactTest.php" line="21" class="Tests\Unit\Dashboard\EventImpactTest" classname="Tests.Unit.Dashboard.EventImpactTest" assertions="2" time="0.000132"/>
        <testcase name="falls_back_to_event_type" file="C:\Proyectos\cursor\omnichannel-ddd-eda\tests\Unit\Dashboard\EventImpactTest.php" line="28" class="Tests\Unit\Dashboard\EventImpactTest" classname="Tests.Unit.Dashboard.EventImpactTest" assertions="1" time="0.000068"/>
      </testsuite>
      <testsuite name="Tests\Unit\Dashboard\EventOriginTest" file="C:\Proyectos\cursor\omnichannel-ddd-eda\tests\Unit\Dashboard\EventOriginTest.php" tests="3" assertions="4" errors="0" failures="0" skipped="0" time="0.000162">
        <testcase name="maps_channel_hints_to_labels" file="C:\Proyectos\cursor\omnichannel-ddd-eda\tests\Unit\Dashboard\EventOriginTest.php" line="14" class="Tests\Unit\Dashboard\EventOriginTest" classname="Tests.Unit.Dashboard.EventOriginTest" assertions="2" time="0.000072"/>
        <testcase name="prefers_explicit_origin_fields" file="C:\Proyectos\cursor\omnichannel-ddd-eda\tests\Unit\Dashboard\EventOriginTest.php" line="21" class="Tests\Unit\Dashboard\EventOriginTest" classname="Tests.Unit.Dashboard.EventOriginTest" assertions="1" time="0.000048"/>
        <testcase name="unknown_event_type_without_channel_maps_to_unknown_origin" file="C:\Proyectos\cursor\omnichannel-ddd-eda\tests\Unit\Dashboard\EventOriginTest.php" line="30" class="Tests\Unit\Dashboard\EventOriginTest" classname="Tests.Unit.Dashboard.EventOriginTest" assertions="1" time="0.000042"/>
      </testsuite>
      <testsuite name="Tests\Unit\Dashboard\ModuleActivationGateServiceTest" file="C:\Proyectos\cursor\omnichannel-ddd-eda\tests\Unit\Dashboard\ModuleActivationGateServiceTest.php" tests="2" assertions="3" errors="0" failures="0" skipped="0" time="0.071915">
        <testcase name="simulation_blocked_when_middleware_inactive" file="C:\Proyectos\cursor\omnichannel-ddd-eda\tests\Unit\Dashboard\ModuleActivationGateServiceTest.php" line="15" class="Tests\Unit\Dashboard\ModuleActivationGateServiceTest" classname="Tests.Unit.Dashboard.ModuleActivationGateServiceTest" assertions="1" time="0.046435"/>
        <testcase name="simulation_blocked_when_all_producers_inactive" file="C:\Proyectos\cursor\omnichannel-ddd-eda\tests\Unit\Dashboard\ModuleActivationGateServiceTest.php" line="37" class="Tests\Unit\Dashboard\ModuleActivationGateServiceTest" classname="Tests.Unit.Dashboard.ModuleActivationGateServiceTest" assertions="2" time="0.025480"/>
      </testsuite>
      <testsuite name="Tests\Unit\Dashboard\NodeStatusTest" file="C:\Proyectos\cursor\omnichannel-ddd-eda\tests\Unit\Dashboard\NodeStatusTest.php" tests="2" assertions="5" errors="0" failures="0" skipped="0" time="0.001043">
        <testcase name="known_states_round_trip" file="C:\Proyectos\cursor\omnichannel-ddd-eda\tests\Unit\Dashboard\NodeStatusTest.php" line="14" class="Tests\Unit\Dashboard\NodeStatusTest" classname="Tests.Unit.Dashboard.NodeStatusTest" assertions="4" time="0.000951"/>
        <testcase name="unknown_label_maps_to_offline" file="C:\Proyectos\cursor\omnichannel-ddd-eda\tests\Unit\Dashboard\NodeStatusTest.php" line="23" class="Tests\Unit\Dashboard\NodeStatusTest" classname="Tests.Unit.Dashboard.NodeStatusTest" assertions="1" time="0.000092"/>
      </testsuite>
      <testsuite name="Tests\Unit\Dashboard\Presenters\DynamicMetricSeriesPresenterTest" file="C:\Proyectos\cursor\omnichannel-ddd-eda\tests\Unit\Dashboard\Presenters\DynamicMetricSeriesPresenterTest.php" tests="3" assertions="12" errors="0" failures="0" skipped="0" time="0.070932">
        <testcase name="bar_series_preserves_metric_contract_fields" file="C:\Proyectos\cursor\omnichannel-ddd-eda\tests\Unit\Dashboard\Presenters\DynamicMetricSeriesPresenterTest.php" line="14" class="Tests\Unit\Dashboard\Presenters\DynamicMetricSeriesPresenterTest" classname="Tests.Unit.Dashboard.Presenters.DynamicMetricSeriesPresenterTest" assertions="5" time="0.023718"/>
        <testcase name="dual_origin_consumer_series_builds_two_panels" file="C:\Proyectos\cursor\omnichannel-ddd-eda\tests\Unit\Dashboard\Presenters\DynamicMetricSeriesPresenterTest.php" line="37" class="Tests\Unit\Dashboard\Presenters\DynamicMetricSeriesPresenterTest" classname="Tests.Unit.Dashboard.Presenters.DynamicMetricSeriesPresenterTest" assertions="5" time="0.024775"/>
        <testcase name="empty_bar_series_includes_meta_reason" file="C:\Proyectos\cursor\omnichannel-ddd-eda\tests\Unit\Dashboard\Presenters\DynamicMetricSeriesPresenterTest.php" line="56" class="Tests\Unit\Dashboard\Presenters\DynamicMetricSeriesPresenterTest" classname="Tests.Unit.Dashboard.Presenters.DynamicMetricSeriesPresenterTest" assertions="2" time="0.022439"/>
      </testsuite>
      <testsuite name="Tests\Unit\Dashboard\Services\DynamicMetricSeriesBuilderTest" file="C:\Proyectos\cursor\omnichannel-ddd-eda\tests\Unit\Dashboard\Services\DynamicMetricSeriesBuilderTest.php" tests="2" assertions="10" errors="0" failures="0" skipped="0" time="0.066279">
        <testcase name="sum_by_day_delegates_to_event_feed_repository" file="C:\Proyectos\cursor\omnichannel-ddd-eda\tests\Unit\Dashboard\Services\DynamicMetricSeriesBuilderTest.php" line="17" class="Tests\Unit\Dashboard\Services\DynamicMetricSeriesBuilderTest" classname="Tests.Unit.Dashboard.Services.DynamicMetricSeriesBuilderTest" assertions="6" time="0.025017"/>
        <testcase name="dual_origin_consumer_uses_bus_queue_analytics" file="C:\Proyectos\cursor\omnichannel-ddd-eda\tests\Unit\Dashboard\Services\DynamicMetricSeriesBuilderTest.php" line="47" class="Tests\Unit\Dashboard\Services\DynamicMetricSeriesBuilderTest" classname="Tests.Unit.Dashboard.Services.DynamicMetricSeriesBuilderTest" assertions="4" time="0.041263"/>
      </testsuite>
      <testsuite name="Tests\Unit\Dashboard\StreamStatusTest" file="C:\Proyectos\cursor\omnichannel-ddd-eda\tests\Unit\Dashboard\StreamStatusTest.php" tests="4" assertions="5" errors="0" failures="0" skipped="0" time="0.001552">
        <testcase name="from_metrics_maps_idle_to_stopped" file="C:\Proyectos\cursor\omnichannel-ddd-eda\tests\Unit\Dashboard\StreamStatusTest.php" line="14" class="Tests\Unit\Dashboard\StreamStatusTest" classname="Tests.Unit.Dashboard.StreamStatusTest" assertions="1" time="0.001202"/>
        <testcase name="from_metrics_high_volume_becomes_degraded" file="C:\Proyectos\cursor\omnichannel-ddd-eda\tests\Unit\Dashboard\StreamStatusTest.php" line="20" class="Tests\Unit\Dashboard\StreamStatusTest" classname="Tests.Unit.Dashboard.StreamStatusTest" assertions="2" time="0.000143"/>
        <testcase name="from_metrics_normal_load_is_active" file="C:\Proyectos\cursor\omnichannel-ddd-eda\tests\Unit\Dashboard\StreamStatusTest.php" line="27" class="Tests\Unit\Dashboard\StreamStatusTest" classname="Tests.Unit.Dashboard.StreamStatusTest" assertions="1" time="0.000130"/>
        <testcase name="invalid_raw_status_defaults_to_stopped" file="C:\Proyectos\cursor\omnichannel-ddd-eda\tests\Unit\Dashboard\StreamStatusTest.php" line="33" class="Tests\Unit\Dashboard\StreamStatusTest" classname="Tests.Unit.Dashboard.StreamStatusTest" assertions="1" time="0.000077"/>
      </testsuite>
      <testsuite name="Tests\Unit\EventBus\PackSubscriptionCatalogMergerTest" file="C:\Proyectos\cursor\omnichannel-ddd-eda\tests\Unit\EventBus\PackSubscriptionCatalogMergerTest.php" tests="4" assertions="8" errors="0" failures="0" skipped="0" time="0.149747">
        <testcase name="merges_rows_and_deduplicates_module_listener_pairs" file="C:\Proyectos\cursor\omnichannel-ddd-eda\tests\Unit\EventBus\PackSubscriptionCatalogMergerTest.php" line="19" class="Tests\Unit\EventBus\PackSubscriptionCatalogMergerTest" classname="Tests.Unit.EventBus.PackSubscriptionCatalogMergerTest" assertions="5" time="0.033820"/>
        <testcase name="skips_duplicate_from_second_registrar" file="C:\Proyectos\cursor\omnichannel-ddd-eda\tests\Unit\EventBus\PackSubscriptionCatalogMergerTest.php" line="47" class="Tests\Unit\EventBus\PackSubscriptionCatalogMergerTest" classname="Tests.Unit.EventBus.PackSubscriptionCatalogMergerTest" assertions="1" time="0.036810"/>
        <testcase name="skips_missing_class_and_bad_interface" file="C:\Proyectos\cursor\omnichannel-ddd-eda\tests\Unit\EventBus\PackSubscriptionCatalogMergerTest.php" line="59" class="Tests\Unit\EventBus\PackSubscriptionCatalogMergerTest" classname="Tests.Unit.EventBus.PackSubscriptionCatalogMergerTest" assertions="1" time="0.046329"/>
        <testcase name="skips_throw_and_malformed_catalog_without_wiping_base" file="C:\Proyectos\cursor\omnichannel-ddd-eda\tests\Unit\EventBus\PackSubscriptionCatalogMergerTest.php" line="71" class="Tests\Unit\EventBus\PackSubscriptionCatalogMergerTest" classname="Tests.Unit.EventBus.PackSubscriptionCatalogMergerTest" assertions="1" time="0.032787"/>
      </testsuite>
      <testsuite name="Tests\Unit\Http\Presenters\TenantSuspendedResponsePresenterTest" file="C:\Proyectos\cursor\omnichannel-ddd-eda\tests\Unit\Http\Presenters\TenantSuspendedResponsePresenterTest.php" tests="1" assertions="3" errors="0" failures="0" skipped="0" time="0.069298">
        <testcase name="api_request_returns_problem_details_payload" file="C:\Proyectos\cursor\omnichannel-ddd-eda\tests\Unit\Http\Presenters\TenantSuspendedResponsePresenterTest.php" line="15" class="Tests\Unit\Http\Presenters\TenantSuspendedResponsePresenterTest" classname="Tests.Unit.Http.Presenters.TenantSuspendedResponsePresenterTest" assertions="3" time="0.069298"/>
      </testsuite>
      <testsuite name="Tests\Unit\Http\Security\SecurityHeadersServicesTest" file="C:\Proyectos\cursor\omnichannel-ddd-eda\tests\Unit\Http\Security\SecurityHeadersServicesTest.php" tests="4" assertions="10" errors="0" failures="0" skipped="0" time="0.173797">
        <testcase name="csp_builder_returns_empty_when_not_configured" file="C:\Proyectos\cursor\omnichannel-ddd-eda\tests\Unit\Http\Security\SecurityHeadersServicesTest.php" line="18" class="Tests\Unit\Http\Security\SecurityHeadersServicesTest" classname="Tests.Unit.Http.Security.SecurityHeadersServicesTest" assertions="1" time="0.042649"/>
        <testcase name="csp_builder_expands_vite_origins_in_local_environment" file="C:\Proyectos\cursor\omnichannel-ddd-eda\tests\Unit\Http\Security\SecurityHeadersServicesTest.php" line="26" class="Tests\Unit\Http\Security\SecurityHeadersServicesTest" classname="Tests.Unit.Http.Security.SecurityHeadersServicesTest" assertions="3" time="0.036974"/>
        <testcase name="csp_builder_keeps_production_csp_without_vite_origins" file="C:\Proyectos\cursor\omnichannel-ddd-eda\tests\Unit\Http\Security\SecurityHeadersServicesTest.php" line="41" class="Tests\Unit\Http\Security\SecurityHeadersServicesTest" classname="Tests.Unit.Http.Security.SecurityHeadersServicesTest" assertions="2" time="0.050556"/>
        <testcase name="applicator_applies_configured_headers_to_response" file="C:\Proyectos\cursor\omnichannel-ddd-eda\tests\Unit\Http\Security\SecurityHeadersServicesTest.php" line="53" class="Tests\Unit\Http\Security\SecurityHeadersServicesTest" classname="Tests.Unit.Http.Security.SecurityHeadersServicesTest" assertions="4" time="0.043618"/>
      </testsuite>
      <testsuite name="Tests\Unit\Integration\AdapterPipelineTest" file="C:\Proyectos\cursor\omnichannel-ddd-eda\tests\Unit\Integration\AdapterPipelineTest.php" tests="1" assertions="1" errors="0" failures="0" skipped="0" time="0.046530">
        <testcase name="json_validate_and_field_map_adapters_transform_payload" file="C:\Proyectos\cursor\omnichannel-ddd-eda\tests\Unit\Integration\AdapterPipelineTest.php" line="16" class="Tests\Unit\Integration\AdapterPipelineTest" classname="Tests.Unit.Integration.AdapterPipelineTest" assertions="1" time="0.046530"/>
      </testsuite>
      <testsuite name="Tests\Unit\Integration\Presenters\IntegrationHttpPresenterTest" file="C:\Proyectos\cursor\omnichannel-ddd-eda\tests\Unit\Integration\Presenters\IntegrationHttpPresenterTest.php" tests="3" assertions="9" errors="0" failures="0" skipped="0" time="0.120768">
        <testcase name="list_envelope_preserves_count_and_data" file="C:\Proyectos\cursor\omnichannel-ddd-eda\tests\Unit\Integration\Presenters\IntegrationHttpPresenterTest.php" line="14" class="Tests\Unit\Integration\Presenters\IntegrationHttpPresenterTest" classname="Tests.Unit.Integration.Presenters.IntegrationHttpPresenterTest" assertions="4" time="0.040421"/>
        <testcase name="created_and_updated_responses_match_admin_api_contract" file="C:\Proyectos\cursor\omnichannel-ddd-eda\tests\Unit\Integration\Presenters\IntegrationHttpPresenterTest.php" line="28" class="Tests\Unit\Integration\Presenters\IntegrationHttpPresenterTest" classname="Tests.Unit.Integration.Presenters.IntegrationHttpPresenterTest" assertions="3" time="0.040282"/>
        <testcase name="not_found_returns_404_error_envelope" file="C:\Proyectos\cursor\omnichannel-ddd-eda\tests\Unit\Integration\Presenters\IntegrationHttpPresenterTest.php" line="42" class="Tests\Unit\Integration\Presenters\IntegrationHttpPresenterTest" classname="Tests.Unit.Integration.Presenters.IntegrationHttpPresenterTest" assertions="2" time="0.040065"/>
      </testsuite>
      <testsuite name="Tests\Unit\Integration\Presenters\WebhookIngressHttpPresenterTest" file="C:\Proyectos\cursor\omnichannel-ddd-eda\tests\Unit\Integration\Presenters\WebhookIngressHttpPresenterTest.php" tests="2" assertions="4" errors="0" failures="0" skipped="0" time="0.078691">
        <testcase name="accepted_response_matches_webhook_ingress_contract" file="C:\Proyectos\cursor\omnichannel-ddd-eda\tests\Unit\Integration\Presenters\WebhookIngressHttpPresenterTest.php" line="14" class="Tests\Unit\Integration\Presenters\WebhookIngressHttpPresenterTest" classname="Tests.Unit.Integration.Presenters.WebhookIngressHttpPresenterTest" assertions="2" time="0.049073"/>
        <testcase name="error_response_preserves_status_code" file="C:\Proyectos\cursor\omnichannel-ddd-eda\tests\Unit\Integration\Presenters\WebhookIngressHttpPresenterTest.php" line="32" class="Tests\Unit\Integration\Presenters\WebhookIngressHttpPresenterTest" classname="Tests.Unit.Integration.Presenters.WebhookIngressHttpPresenterTest" assertions="2" time="0.029618"/>
      </testsuite>
      <testsuite name="Tests\Unit\Integration\Services\WebhookIngressProcessorTest" file="C:\Proyectos\cursor\omnichannel-ddd-eda\tests\Unit\Integration\Services\WebhookIngressProcessorTest.php" tests="1" assertions="3" errors="0" failures="0" skipped="0" time="0.052121">
        <testcase name="process_publishes_built_envelope_and_returns_ids" file="C:\Proyectos\cursor\omnichannel-ddd-eda\tests\Unit\Integration\Services\WebhookIngressProcessorTest.php" line="22" class="Tests\Unit\Integration\Services\WebhookIngressProcessorTest" classname="Tests.Unit.Integration.Services.WebhookIngressProcessorTest" assertions="3" time="0.052121"/>
      </testsuite>
      <testsuite name="Tests\Unit\Integration\Support\IntegrationInputValidatorTest" file="C:\Proyectos\cursor\omnichannel-ddd-eda\tests\Unit\Integration\Support\IntegrationInputValidatorTest.php" tests="2" assertions="3" errors="0" failures="0" skipped="0" time="0.092819">
        <testcase name="validate_store_requires_code_name_and_direction" file="C:\Proyectos\cursor\omnichannel-ddd-eda\tests\Unit\Integration\Support\IntegrationInputValidatorTest.php" line="16" class="Tests\Unit\Integration\Support\IntegrationInputValidatorTest" classname="Tests.Unit.Integration.Support.IntegrationInputValidatorTest" assertions="2" time="0.053025"/>
        <testcase name="validate_store_rejects_invalid_direction" file="C:\Proyectos\cursor\omnichannel-ddd-eda\tests\Unit\Integration\Support\IntegrationInputValidatorTest.php" line="29" class="Tests\Unit\Integration\Support\IntegrationInputValidatorTest" classname="Tests.Unit.Integration.Support.IntegrationInputValidatorTest" assertions="1" time="0.039794"/>
      </testsuite>
      <testsuite name="Tests\Unit\Integration\WebhookEventEnvelopeBuilderTest" file="C:\Proyectos\cursor\omnichannel-ddd-eda\tests\Unit\Integration\WebhookEventEnvelopeBuilderTest.php" tests="3" assertions="6" errors="0" failures="0" skipped="0" time="0.080601">
        <testcase name="build_generates_event_id_when_missing" file="C:\Proyectos\cursor\omnichannel-ddd-eda\tests\Unit\Integration\WebhookEventEnvelopeBuilderTest.php" line="15" class="Tests\Unit\Integration\WebhookEventEnvelopeBuilderTest" classname="Tests.Unit.Integration.WebhookEventEnvelopeBuilderTest" assertions="4" time="0.027951"/>
        <testcase name="build_preserves_valid_event_id_from_payload" file="C:\Proyectos\cursor\omnichannel-ddd-eda\tests\Unit\Integration\WebhookEventEnvelopeBuilderTest.php" line="32" class="Tests\Unit\Integration\WebhookEventEnvelopeBuilderTest" classname="Tests.Unit.Integration.WebhookEventEnvelopeBuilderTest" assertions="1" time="0.027550"/>
        <testcase name="build_rejects_payload_without_event_type" file="C:\Proyectos\cursor\omnichannel-ddd-eda\tests\Unit\Integration\WebhookEventEnvelopeBuilderTest.php" line="47" class="Tests\Unit\Integration\WebhookEventEnvelopeBuilderTest" classname="Tests.Unit.Integration.WebhookEventEnvelopeBuilderTest" assertions="1" time="0.025100"/>
      </testsuite>
      <testsuite name="Tests\Unit\Integration\WebhookSignatureVerifierTest" file="C:\Proyectos\cursor\omnichannel-ddd-eda\tests\Unit\Integration\WebhookSignatureVerifierTest.php" tests="3" assertions="3" errors="0" failures="0" skipped="0" time="0.077054">
        <testcase name="verify_accepts_valid_hmac_sha256" file="C:\Proyectos\cursor\omnichannel-ddd-eda\tests\Unit\Integration\WebhookSignatureVerifierTest.php" line="14" class="Tests\Unit\Integration\WebhookSignatureVerifierTest" classname="Tests.Unit.Integration.WebhookSignatureVerifierTest" assertions="1" time="0.023073"/>
        <testcase name="verify_rejects_invalid_signature" file="C:\Proyectos\cursor\omnichannel-ddd-eda\tests\Unit\Integration\WebhookSignatureVerifierTest.php" line="24" class="Tests\Unit\Integration\WebhookSignatureVerifierTest" classname="Tests.Unit.Integration.WebhookSignatureVerifierTest" assertions="1" time="0.023380"/>
        <testcase name="verify_rejects_missing_signature" file="C:\Proyectos\cursor\omnichannel-ddd-eda\tests\Unit\Integration\WebhookSignatureVerifierTest.php" line="30" class="Tests\Unit\Integration\WebhookSignatureVerifierTest" classname="Tests.Unit.Integration.WebhookSignatureVerifierTest" assertions="1" time="0.030601"/>
      </testsuite>
      <testsuite name="Tests\Unit\Logging\PlatformStructuredLoggerTest" file="C:\Proyectos\cursor\omnichannel-ddd-eda\tests\Unit\Logging\PlatformStructuredLoggerTest.php" tests="1" assertions="3" errors="0" failures="0" skipped="0" time="0.026601">
        <testcase name="logger_hashes_payload_and_redacts_secrets" file="C:\Proyectos\cursor\omnichannel-ddd-eda\tests\Unit\Logging\PlatformStructuredLoggerTest.php" line="16" class="Tests\Unit\Logging\PlatformStructuredLoggerTest" classname="Tests.Unit.Logging.PlatformStructuredLoggerTest" assertions="3" time="0.026601"/>
      </testsuite>
      <testsuite name="Tests\Unit\Middleware\BusStatusEvaluateTest" file="C:\Proyectos\cursor\omnichannel-ddd-eda\tests\Unit\Middleware\BusStatusEvaluateTest.php" tests="3" assertions="3" errors="0" failures="0" skipped="0" time="0.080136">
        <testcase name="idle_healthy_bus_is_active_not_stopped" file="C:\Proyectos\cursor\omnichannel-ddd-eda\tests\Unit\Middleware\BusStatusEvaluateTest.php" line="17" class="Tests\Unit\Middleware\BusStatusEvaluateTest" classname="Tests.Unit.Middleware.BusStatusEvaluateTest" assertions="1" time="0.023305"/>
        <testcase name="high_error_rate_is_degraded" file="C:\Proyectos\cursor\omnichannel-ddd-eda\tests\Unit\Middleware\BusStatusEvaluateTest.php" line="30" class="Tests\Unit\Middleware\BusStatusEvaluateTest" classname="Tests.Unit.Middleware.BusStatusEvaluateTest" assertions="1" time="0.031550"/>
        <testcase name="high_throughput_is_hi_load" file="C:\Proyectos\cursor\omnichannel-ddd-eda\tests\Unit\Middleware\BusStatusEvaluateTest.php" line="43" class="Tests\Unit\Middleware\BusStatusEvaluateTest" classname="Tests.Unit.Middleware.BusStatusEvaluateTest" assertions="1" time="0.025281"/>
      </testsuite>
      <testsuite name="Tests\Unit\Middleware\ConsumerListTest" file="C:\Proyectos\cursor\omnichannel-ddd-eda\tests\Unit\Middleware\ConsumerListTest.php" tests="3" assertions="5" errors="0" failures="0" skipped="0" time="0.001110">
        <testcase name="trims_and_filters_empty_strings" file="C:\Proyectos\cursor\omnichannel-ddd-eda\tests\Unit\Middleware\ConsumerListTest.php" line="14" class="Tests\Unit\Middleware\ConsumerListTest" classname="Tests.Unit.Middleware.ConsumerListTest" assertions="2" time="0.000951"/>
        <testcase name="empty_factory_has_no_consumers" file="C:\Proyectos\cursor\omnichannel-ddd-eda\tests\Unit\Middleware\ConsumerListTest.php" line="22" class="Tests\Unit\Middleware\ConsumerListTest" classname="Tests.Unit.Middleware.ConsumerListTest" assertions="1" time="0.000102"/>
        <testcase name="contains_detects_module" file="C:\Proyectos\cursor\omnichannel-ddd-eda\tests\Unit\Middleware\ConsumerListTest.php" line="28" class="Tests\Unit\Middleware\ConsumerListTest" classname="Tests.Unit.Middleware.ConsumerListTest" assertions="2" time="0.000057"/>
      </testsuite>
      <testsuite name="Tests\Unit\Middleware\EventIdTest" file="C:\Proyectos\cursor\omnichannel-ddd-eda\tests\Unit\Middleware\EventIdTest.php" tests="2" assertions="2" errors="0" failures="0" skipped="0" time="0.000579">
        <testcase name="rejects_empty_identifier" file="C:\Proyectos\cursor\omnichannel-ddd-eda\tests\Unit\Middleware\EventIdTest.php" line="15" class="Tests\Unit\Middleware\EventIdTest" classname="Tests.Unit.Middleware.EventIdTest" assertions="1" time="0.000519"/>
        <testcase name="equals_matches_by_value" file="C:\Proyectos\cursor\omnichannel-ddd-eda\tests\Unit\Middleware\EventIdTest.php" line="22" class="Tests\Unit\Middleware\EventIdTest" classname="Tests.Unit.Middleware.EventIdTest" assertions="1" time="0.000060"/>
      </testsuite>
      <testsuite name="Tests\Unit\Middleware\EventStatusTest" file="C:\Proyectos\cursor\omnichannel-ddd-eda\tests\Unit\Middleware\EventStatusTest.php" tests="2" assertions="4" errors="0" failures="0" skipped="0" time="0.000492">
        <testcase name="factories_match_predicate_helpers" file="C:\Proyectos\cursor\omnichannel-ddd-eda\tests\Unit\Middleware\EventStatusTest.php" line="14" class="Tests\Unit\Middleware\EventStatusTest" classname="Tests.Unit.Middleware.EventStatusTest" assertions="3" time="0.000435"/>
        <testcase name="unknown_raw_defaults_to_pending" file="C:\Proyectos\cursor\omnichannel-ddd-eda\tests\Unit\Middleware\EventStatusTest.php" line="22" class="Tests\Unit\Middleware\EventStatusTest" classname="Tests.Unit.Middleware.EventStatusTest" assertions="1" time="0.000057"/>
      </testsuite>
      <testsuite name="Tests\Unit\Middleware\EventTypeTest" file="C:\Proyectos\cursor\omnichannel-ddd-eda\tests\Unit\Middleware\EventTypeTest.php" tests="3" assertions="4" errors="0" failures="0" skipped="0" time="0.072384">
        <testcase name="rejects_empty_type" file="C:\Proyectos\cursor\omnichannel-ddd-eda\tests\Unit\Middleware\EventTypeTest.php" line="16" class="Tests\Unit\Middleware\EventTypeTest" classname="Tests.Unit.Middleware.EventTypeTest" assertions="1" time="0.025296"/>
        <testcase name="known_types_follow_merged_subscription_config" file="C:\Proyectos\cursor\omnichannel-ddd-eda\tests\Unit\Middleware\EventTypeTest.php" line="23" class="Tests\Unit\Middleware\EventTypeTest" classname="Tests.Unit.Middleware.EventTypeTest" assertions="2" time="0.023995"/>
        <testcase name="arbitrary_string_can_exist_outside_catalog" file="C:\Proyectos\cursor\omnichannel-ddd-eda\tests\Unit\Middleware\EventTypeTest.php" line="36" class="Tests\Unit\Middleware\EventTypeTest" classname="Tests.Unit.Middleware.EventTypeTest" assertions="1" time="0.023092"/>
      </testsuite>
      <testsuite name="Tests\Unit\Middleware\LatencyMsAndThroughputAndErrorRateTest" file="C:\Proyectos\cursor\omnichannel-ddd-eda\tests\Unit\Middleware\LatencyMsAndThroughputAndErrorRateTest.php" tests="6" assertions="11" errors="0" failures="0" skipped="0" time="0.000354">
        <testcase name="latency_ms_guardrails" file="C:\Proyectos\cursor\omnichannel-ddd-eda\tests\Unit\Middleware\LatencyMsAndThroughputAndErrorRateTest.php" line="17" class="Tests\Unit\Middleware\LatencyMsAndThroughputAndErrorRateTest" classname="Tests.Unit.Middleware.LatencyMsAndThroughputAndErrorRateTest" assertions="1" time="0.000102"/>
        <testcase name="latency_acceptance_buckets" file="C:\Proyectos\cursor\omnichannel-ddd-eda\tests\Unit\Middleware\LatencyMsAndThroughputAndErrorRateTest.php" line="24" class="Tests\Unit\Middleware\LatencyMsAndThroughputAndErrorRateTest" classname="Tests.Unit.Middleware.LatencyMsAndThroughputAndErrorRateTest" assertions="3" time="0.000054"/>
        <testcase name="throughput_eps_high_load" file="C:\Proyectos\cursor\omnichannel-ddd-eda\tests\Unit\Middleware\LatencyMsAndThroughputAndErrorRateTest.php" line="32" class="Tests\Unit\Middleware\LatencyMsAndThroughputAndErrorRateTest" classname="Tests.Unit.Middleware.LatencyMsAndThroughputAndErrorRateTest" assertions="1" time="0.000048"/>
        <testcase name="throughput_eps_idle_vs_high" file="C:\Proyectos\cursor\omnichannel-ddd-eda\tests\Unit\Middleware\LatencyMsAndThroughputAndErrorRateTest.php" line="39" class="Tests\Unit\Middleware\LatencyMsAndThroughputAndErrorRateTest" classname="Tests.Unit.Middleware.LatencyMsAndThroughputAndErrorRateTest" assertions="2" time="0.000044"/>
        <testcase name="error_rate_compute_handles_zero_total" file="C:\Proyectos\cursor\omnichannel-ddd-eda\tests\Unit\Middleware\LatencyMsAndThroughputAndErrorRateTest.php" line="46" class="Tests\Unit\Middleware\LatencyMsAndThroughputAndErrorRateTest" classname="Tests.Unit.Middleware.LatencyMsAndThroughputAndErrorRateTest" assertions="1" time="0.000043"/>
        <testcase name="error_rate_health_buckets" file="C:\Proyectos\cursor\omnichannel-ddd-eda\tests\Unit\Middleware\LatencyMsAndThroughputAndErrorRateTest.php" line="52" class="Tests\Unit\Middleware\LatencyMsAndThroughputAndErrorRateTest" classname="Tests.Unit.Middleware.LatencyMsAndThroughputAndErrorRateTest" assertions="3" time="0.000063"/>
      </testsuite>
      <testsuite name="Tests\Unit\Middleware\MiddlewareDomainTest" file="C:\Proyectos\cursor\omnichannel-ddd-eda\tests\Unit\Middleware\MiddlewareDomainTest.php" tests="2" assertions="5" errors="0" failures="0" skipped="0" time="0.049783">
        <testcase name="correlation_context_merges_body_and_headers" file="C:\Proyectos\cursor\omnichannel-ddd-eda\tests\Unit\Middleware\MiddlewareDomainTest.php" line="16" class="Tests\Unit\Middleware\MiddlewareDomainTest" classname="Tests.Unit.Middleware.MiddlewareDomainTest" assertions="2" time="0.024790"/>
        <testcase name="schema_registry_resolves_config_entry" file="C:\Proyectos\cursor\omnichannel-ddd-eda\tests\Unit\Middleware\MiddlewareDomainTest.php" line="34" class="Tests\Unit\Middleware\MiddlewareDomainTest" classname="Tests.Unit.Middleware.MiddlewareDomainTest" assertions="3" time="0.024993"/>
      </testsuite>
      <testsuite name="Tests\Unit\Middleware\MiddlewareEventOriginInferTest" file="C:\Proyectos\cursor\omnichannel-ddd-eda\tests\Unit\Middleware\MiddlewareEventOriginInferTest.php" tests="3" assertions="6" errors="0" failures="0" skipped="0" time="0.001090">
        <testcase name="infers_from_standard_channel_hints" file="C:\Proyectos\cursor\omnichannel-ddd-eda\tests\Unit\Middleware\MiddlewareEventOriginInferTest.php" line="14" class="Tests\Unit\Middleware\MiddlewareEventOriginInferTest" classname="Tests.Unit.Middleware.MiddlewareEventOriginInferTest" assertions="4" time="0.000921"/>
        <testcase name="infers_alias_for_unknown_uppercase_channel" file="C:\Proyectos\cursor\omnichannel-ddd-eda\tests\Unit\Middleware\MiddlewareEventOriginInferTest.php" line="23" class="Tests\Unit\Middleware\MiddlewareEventOriginInferTest" classname="Tests.Unit.Middleware.MiddlewareEventOriginInferTest" assertions="1" time="0.000095"/>
        <testcase name="falls_back_to_unknown" file="C:\Proyectos\cursor\omnichannel-ddd-eda\tests\Unit\Middleware\MiddlewareEventOriginInferTest.php" line="29" class="Tests\Unit\Middleware\MiddlewareEventOriginInferTest" classname="Tests.Unit.Middleware.MiddlewareEventOriginInferTest" assertions="1" time="0.000074"/>
      </testsuite>
      <testsuite name="Tests\Unit\Middleware\Presenters\DeadLetterHttpPresenterTest" file="C:\Proyectos\cursor\omnichannel-ddd-eda\tests\Unit\Middleware\Presenters\DeadLetterHttpPresenterTest.php" tests="2" assertions="7" errors="0" failures="0" skipped="0" time="0.052533">
        <testcase name="list_envelope_preserves_count_and_data" file="C:\Proyectos\cursor\omnichannel-ddd-eda\tests\Unit\Middleware\Presenters\DeadLetterHttpPresenterTest.php" line="14" class="Tests\Unit\Middleware\Presenters\DeadLetterHttpPresenterTest" classname="Tests.Unit.Middleware.Presenters.DeadLetterHttpPresenterTest" assertions="4" time="0.026723"/>
        <testcase name="resolve_and_requeue_messages_match_api_contract" file="C:\Proyectos\cursor\omnichannel-ddd-eda\tests\Unit\Middleware\Presenters\DeadLetterHttpPresenterTest.php" line="28" class="Tests\Unit\Middleware\Presenters\DeadLetterHttpPresenterTest" classname="Tests.Unit.Middleware.Presenters.DeadLetterHttpPresenterTest" assertions="3" time="0.025810"/>
      </testsuite>
      <testsuite name="Tests\Unit\Middleware\PublishEnvelopeValidatorTest" file="C:\Proyectos\cursor\omnichannel-ddd-eda\tests\Unit\Middleware\PublishEnvelopeValidatorTest.php" tests="2" assertions="2" errors="0" failures="0" skipped="0" time="0.046063">
        <testcase name="validate_structure_accepts_minimal_valid_envelope" file="C:\Proyectos\cursor\omnichannel-ddd-eda\tests\Unit\Middleware\PublishEnvelopeValidatorTest.php" line="15" class="Tests\Unit\Middleware\PublishEnvelopeValidatorTest" classname="Tests.Unit.Middleware.PublishEnvelopeValidatorTest" assertions="1" time="0.022313"/>
        <testcase name="validate_structure_rejects_non_array_payload" file="C:\Proyectos\cursor\omnichannel-ddd-eda\tests\Unit\Middleware\PublishEnvelopeValidatorTest.php" line="28" class="Tests\Unit\Middleware\PublishEnvelopeValidatorTest" classname="Tests.Unit.Middleware.PublishEnvelopeValidatorTest" assertions="1" time="0.023749"/>
      </testsuite>
      <testsuite name="Tests\Unit\Middleware\PublishPayloadSchemaValidatorTest" file="C:\Proyectos\cursor\omnichannel-ddd-eda\tests\Unit\Middleware\PublishPayloadSchemaValidatorTest.php" tests="3" assertions="3" errors="0" failures="0" skipped="0" time="0.131179">
        <testcase name="skips_validation_when_disabled" file="C:\Proyectos\cursor\omnichannel-ddd-eda\tests\Unit\Middleware\PublishPayloadSchemaValidatorTest.php" line="15" class="Tests\Unit\Middleware\PublishPayloadSchemaValidatorTest" classname="Tests.Unit.Middleware.PublishPayloadSchemaValidatorTest" assertions="1" time="0.025324"/>
        <testcase name="validates_payload_against_configured_schema" file="C:\Proyectos\cursor\omnichannel-ddd-eda\tests\Unit\Middleware\PublishPayloadSchemaValidatorTest.php" line="25" class="Tests\Unit\Middleware\PublishPayloadSchemaValidatorTest" classname="Tests.Unit.Middleware.PublishPayloadSchemaValidatorTest" assertions="1" time="0.077980"/>
        <testcase name="throws_when_schema_validation_fails" file="C:\Proyectos\cursor\omnichannel-ddd-eda\tests\Unit\Middleware\PublishPayloadSchemaValidatorTest.php" line="42" class="Tests\Unit\Middleware\PublishPayloadSchemaValidatorTest" classname="Tests.Unit.Middleware.PublishPayloadSchemaValidatorTest" assertions="1" time="0.027875"/>
      </testsuite>
      <testsuite name="Tests\Unit\Middleware\QueueEntryProcessingRulesTest" file="C:\Proyectos\cursor\omnichannel-ddd-eda\tests\Unit\Middleware\QueueEntryProcessingRulesTest.php" tests="2" assertions="7" errors="0" failures="0" skipped="0" time="0.001071">
        <testcase name="mark_processed_updates_timing_fields" file="C:\Proyectos\cursor\omnichannel-ddd-eda\tests\Unit\Middleware\QueueEntryProcessingRulesTest.php" line="17" class="Tests\Unit\Middleware\QueueEntryProcessingRulesTest" classname="Tests.Unit.Middleware.QueueEntryProcessingRulesTest" assertions="5" time="0.000993"/>
        <testcase name="mark_failed_increments_attempts" file="C:\Proyectos\cursor\omnichannel-ddd-eda\tests\Unit\Middleware\QueueEntryProcessingRulesTest.php" line="44" class="Tests\Unit\Middleware\QueueEntryProcessingRulesTest" classname="Tests.Unit.Middleware.QueueEntryProcessingRulesTest" assertions="2" time="0.000078"/>
      </testsuite>
      <testsuite name="Tests\Unit\Middleware\RetryPolicyTest" file="C:\Proyectos\cursor\omnichannel-ddd-eda\tests\Unit\Middleware\RetryPolicyTest.php" tests="1" assertions="4" errors="0" failures="0" skipped="0" time="0.032704">
        <testcase name="from_config_reads_max_attempts_and_backoff" file="C:\Proyectos\cursor\omnichannel-ddd-eda\tests\Unit\Middleware\RetryPolicyTest.php" line="14" class="Tests\Unit\Middleware\RetryPolicyTest" classname="Tests.Unit.Middleware.RetryPolicyTest" assertions="4" time="0.032704"/>
      </testsuite>
      <testsuite name="Tests\Unit\Middleware\SimulationPublishDeferTest" file="C:\Proyectos\cursor\omnichannel-ddd-eda\tests\Unit\Middleware\SimulationPublishDeferTest.php" tests="1" assertions="4" errors="0" failures="0" skipped="0" time="0.060187">
        <testcase name="publish_leaves_pending_until_simulation_scope_ends" file="C:\Proyectos\cursor\omnichannel-ddd-eda\tests\Unit\Middleware\SimulationPublishDeferTest.php" line="20" class="Tests\Unit\Middleware\SimulationPublishDeferTest" classname="Tests.Unit.Middleware.SimulationPublishDeferTest" assertions="4" time="0.060187"/>
      </testsuite>
      <testsuite name="Tests\Unit\Middleware\SimulationPulseServiceTest" file="C:\Proyectos\cursor\omnichannel-ddd-eda\tests\Unit\Middleware\SimulationPulseServiceTest.php" tests="2" assertions="4" errors="0" failures="0" skipped="0" time="0.067185">
        <testcase name="snapshot_clears_stale_pulse_and_reports_inactive" file="C:\Proyectos\cursor\omnichannel-ddd-eda\tests\Unit\Middleware\SimulationPulseServiceTest.php" line="15" class="Tests\Unit\Middleware\SimulationPulseServiceTest" classname="Tests.Unit.Middleware.SimulationPulseServiceTest" assertions="2" time="0.029436"/>
        <testcase name="snapshot_keeps_recent_pulse_active" file="C:\Proyectos\cursor\omnichannel-ddd-eda\tests\Unit\Middleware\SimulationPulseServiceTest.php" line="34" class="Tests\Unit\Middleware\SimulationPulseServiceTest" classname="Tests.Unit.Middleware.SimulationPulseServiceTest" assertions="2" time="0.037749"/>
      </testsuite>
      <testsuite name="Tests\Unit\Middleware\TopologyRegistryConfigMapperTest" file="C:\Proyectos\cursor\omnichannel-ddd-eda\tests\Unit\Middleware\TopologyRegistryConfigMapperTest.php" tests="2" assertions="2" errors="0" failures="0" skipped="0" time="0.054631">
        <testcase name="map_producers_preserves_label_and_event_list" file="C:\Proyectos\cursor\omnichannel-ddd-eda\tests\Unit\Middleware\TopologyRegistryConfigMapperTest.php" line="14" class="Tests\Unit\Middleware\TopologyRegistryConfigMapperTest" classname="Tests.Unit.Middleware.TopologyRegistryConfigMapperTest" assertions="1" time="0.031418"/>
        <testcase name="map_consumers_groups_subscriptions_by_module" file="C:\Proyectos\cursor\omnichannel-ddd-eda\tests\Unit\Middleware\TopologyRegistryConfigMapperTest.php" line="33" class="Tests\Unit\Middleware\TopologyRegistryConfigMapperTest" classname="Tests.Unit.Middleware.TopologyRegistryConfigMapperTest" assertions="1" time="0.023214"/>
      </testsuite>
      <testsuite name="Tests\Unit\Middleware\TopologySnapshotMergerTest" file="C:\Proyectos\cursor\omnichannel-ddd-eda\tests\Unit\Middleware\TopologySnapshotMergerTest.php" tests="2" assertions="2" errors="0" failures="0" skipped="0" time="0.046175">
        <testcase name="merge_producers_unions_events_and_prefers_observed_label" file="C:\Proyectos\cursor\omnichannel-ddd-eda\tests\Unit\Middleware\TopologySnapshotMergerTest.php" line="14" class="Tests\Unit\Middleware\TopologySnapshotMergerTest" classname="Tests.Unit.Middleware.TopologySnapshotMergerTest" assertions="1" time="0.023695"/>
        <testcase name="merge_consumers_unions_subscriptions_and_skips_empty_ids" file="C:\Proyectos\cursor\omnichannel-ddd-eda\tests\Unit\Middleware\TopologySnapshotMergerTest.php" line="41" class="Tests\Unit\Middleware\TopologySnapshotMergerTest" classname="Tests.Unit.Middleware.TopologySnapshotMergerTest" assertions="1" time="0.022480"/>
      </testsuite>
      <testsuite name="Tests\Unit\Monitoring\BusMetricsAlertEvaluatorTest" file="C:\Proyectos\cursor\omnichannel-ddd-eda\tests\Unit\Monitoring\BusMetricsAlertEvaluatorTest.php" tests="3" assertions="8" errors="0" failures="0" skipped="0" time="0.072789">
        <testcase name="evaluate_returns_no_alerts_when_metrics_are_healthy" file="C:\Proyectos\cursor\omnichannel-ddd-eda\tests\Unit\Monitoring\BusMetricsAlertEvaluatorTest.php" line="21" class="Tests\Unit\Monitoring\BusMetricsAlertEvaluatorTest" classname="Tests.Unit.Monitoring.BusMetricsAlertEvaluatorTest" assertions="1" time="0.026637"/>
        <testcase name="evaluate_fires_high_error_rate_as_p1" file="C:\Proyectos\cursor\omnichannel-ddd-eda\tests\Unit\Monitoring\BusMetricsAlertEvaluatorTest.php" line="36" class="Tests\Unit\Monitoring\BusMetricsAlertEvaluatorTest" classname="Tests.Unit.Monitoring.BusMetricsAlertEvaluatorTest" assertions="3" time="0.023329"/>
        <testcase name="evaluate_fires_latency_and_dlq_alerts_as_p2" file="C:\Proyectos\cursor\omnichannel-ddd-eda\tests\Unit\Monitoring\BusMetricsAlertEvaluatorTest.php" line="49" class="Tests\Unit\Monitoring\BusMetricsAlertEvaluatorTest" classname="Tests.Unit.Monitoring.BusMetricsAlertEvaluatorTest" assertions="4" time="0.022823"/>
      </testsuite>
      <testsuite name="Tests\Unit\Monitoring\BusStoppedAlertEvaluatorTest" file="C:\Proyectos\cursor\omnichannel-ddd-eda\tests\Unit\Monitoring\BusStoppedAlertEvaluatorTest.php" tests="2" assertions="5" errors="0" failures="0" skipped="0" time="0.052253">
        <testcase name="evaluate_clears_cache_when_bus_is_not_stopped" file="C:\Proyectos\cursor\omnichannel-ddd-eda\tests\Unit\Monitoring\BusStoppedAlertEvaluatorTest.php" line="17" class="Tests\Unit\Monitoring\BusStoppedAlertEvaluatorTest" classname="Tests.Unit.Monitoring.BusStoppedAlertEvaluatorTest" assertions="2" time="0.023819"/>
        <testcase name="evaluate_waits_before_firing_bus_stopped_alert" file="C:\Proyectos\cursor\omnichannel-ddd-eda\tests\Unit\Monitoring\BusStoppedAlertEvaluatorTest.php" line="29" class="Tests\Unit\Monitoring\BusStoppedAlertEvaluatorTest" classname="Tests.Unit.Monitoring.BusStoppedAlertEvaluatorTest" assertions="3" time="0.028434"/>
      </testsuite>
      <testsuite name="Tests\Unit\Monitoring\CanaryProbeEnvelopeFactoryTest" file="C:\Proyectos\cursor\omnichannel-ddd-eda\tests\Unit\Monitoring\CanaryProbeEnvelopeFactoryTest.php" tests="1" assertions="5" errors="0" failures="0" skipped="0" time="0.031710">
        <testcase name="build_produces_valid_canary_envelope" file="C:\Proyectos\cursor\omnichannel-ddd-eda\tests\Unit\Monitoring\CanaryProbeEnvelopeFactoryTest.php" line="15" class="Tests\Unit\Monitoring\CanaryProbeEnvelopeFactoryTest" classname="Tests.Unit.Monitoring.CanaryProbeEnvelopeFactoryTest" assertions="5" time="0.031710"/>
      </testsuite>
      <testsuite name="Tests\Unit\Monitoring\CanaryQueueCompletionVerifierTest" file="C:\Proyectos\cursor\omnichannel-ddd-eda\tests\Unit\Monitoring\CanaryQueueCompletionVerifierTest.php" tests="2" assertions="3" errors="0" failures="0" skipped="0" time="0.056986">
        <testcase name="is_completed_returns_true_for_processed_status" file="C:\Proyectos\cursor\omnichannel-ddd-eda\tests\Unit\Monitoring\CanaryQueueCompletionVerifierTest.php" line="17" class="Tests\Unit\Monitoring\CanaryQueueCompletionVerifierTest" classname="Tests.Unit.Monitoring.CanaryQueueCompletionVerifierTest" assertions="2" time="0.029266"/>
        <testcase name="is_completed_returns_false_for_pending_status" file="C:\Proyectos\cursor\omnichannel-ddd-eda\tests\Unit\Monitoring\CanaryQueueCompletionVerifierTest.php" line="36" class="Tests\Unit\Monitoring\CanaryQueueCompletionVerifierTest" classname="Tests.Unit.Monitoring.CanaryQueueCompletionVerifierTest" assertions="1" time="0.027720"/>
      </testsuite>
      <testsuite name="Tests\Unit\Monitoring\InfrastructureAlertEvaluatorTest" file="C:\Proyectos\cursor\omnichannel-ddd-eda\tests\Unit\Monitoring\InfrastructureAlertEvaluatorTest.php" tests="2" assertions="5" errors="0" failures="0" skipped="0" time="0.051964">
        <testcase name="evaluate_fires_queue_backlog_when_jobs_exceed_threshold" file="C:\Proyectos\cursor\omnichannel-ddd-eda\tests\Unit\Monitoring\InfrastructureAlertEvaluatorTest.php" line="22" class="Tests\Unit\Monitoring\InfrastructureAlertEvaluatorTest" classname="Tests.Unit.Monitoring.InfrastructureAlertEvaluatorTest" assertions="4" time="0.026411"/>
        <testcase name="evaluate_returns_empty_when_infrastructure_is_healthy" file="C:\Proyectos\cursor\omnichannel-ddd-eda\tests\Unit\Monitoring\InfrastructureAlertEvaluatorTest.php" line="58" class="Tests\Unit\Monitoring\InfrastructureAlertEvaluatorTest" classname="Tests.Unit.Monitoring.InfrastructureAlertEvaluatorTest" assertions="1" time="0.025553"/>
      </testsuite>
      <testsuite name="Tests\Unit\Monitoring\MonitoringAlertThresholdsTest" file="C:\Proyectos\cursor\omnichannel-ddd-eda\tests\Unit\Monitoring\MonitoringAlertThresholdsTest.php" tests="2" assertions="8" errors="0" failures="0" skipped="0" time="0.045061">
        <testcase name="from_config_reads_platform_monitoring_alert_defaults" file="C:\Proyectos\cursor\omnichannel-ddd-eda\tests\Unit\Monitoring\MonitoringAlertThresholdsTest.php" line="14" class="Tests\Unit\Monitoring\MonitoringAlertThresholdsTest" classname="Tests.Unit.Monitoring.MonitoringAlertThresholdsTest" assertions="6" time="0.022858"/>
        <testcase name="defaults_apply_when_config_keys_are_missing" file="C:\Proyectos\cursor\omnichannel-ddd-eda\tests\Unit\Monitoring\MonitoringAlertThresholdsTest.php" line="38" class="Tests\Unit\Monitoring\MonitoringAlertThresholdsTest" classname="Tests.Unit.Monitoring.MonitoringAlertThresholdsTest" assertions="2" time="0.022203"/>
      </testsuite>
      <testsuite name="Tests\Unit\Observability\FeedProjectionLagCalculatorTest" file="C:\Proyectos\cursor\omnichannel-ddd-eda\tests\Unit\Observability\FeedProjectionLagCalculatorTest.php" tests="2" assertions="5" errors="0" failures="0" skipped="0" time="0.055887">
        <testcase name="average_lag_ms_returns_zero_when_table_is_empty" file="C:\Proyectos\cursor\omnichannel-ddd-eda\tests\Unit\Observability\FeedProjectionLagCalculatorTest.php" line="19" class="Tests\Unit\Observability\FeedProjectionLagCalculatorTest" classname="Tests.Unit.Observability.FeedProjectionLagCalculatorTest" assertions="1" time="0.025162"/>
        <testcase name="average_lag_ms_computes_received_minus_occurred" file="C:\Proyectos\cursor\omnichannel-ddd-eda\tests\Unit\Observability\FeedProjectionLagCalculatorTest.php" line="25" class="Tests\Unit\Observability\FeedProjectionLagCalculatorTest" classname="Tests.Unit.Observability.FeedProjectionLagCalculatorTest" assertions="4" time="0.030725"/>
      </testsuite>
      <testsuite name="Tests\Unit\Observability\PrometheusGaugeCollectorTest" file="C:\Proyectos\cursor\omnichannel-ddd-eda\tests\Unit\Observability\PrometheusGaugeCollectorTest.php" tests="1" assertions="17" errors="0" failures="0" skipped="0" time="0.039558">
        <testcase name="collect_returns_snapshot_with_non_negative_gauges" file="C:\Proyectos\cursor\omnichannel-ddd-eda\tests\Unit\Observability\PrometheusGaugeCollectorTest.php" line="17" class="Tests\Unit\Observability\PrometheusGaugeCollectorTest" classname="Tests.Unit.Observability.PrometheusGaugeCollectorTest" assertions="17" time="0.039558"/>
      </testsuite>
      <testsuite name="Tests\Unit\Observability\PrometheusTextRendererTest" file="C:\Proyectos\cursor\omnichannel-ddd-eda\tests\Unit\Observability\PrometheusTextRendererTest.php" tests="2" assertions="5" errors="0" failures="0" skipped="0" time="0.047948">
        <testcase name="render_outputs_all_prometheus_metric_lines" file="C:\Proyectos\cursor\omnichannel-ddd-eda\tests\Unit\Observability\PrometheusTextRendererTest.php" line="15" class="Tests\Unit\Observability\PrometheusTextRendererTest" classname="Tests.Unit.Observability.PrometheusTextRendererTest" assertions="4" time="0.024590"/>
        <testcase name="render_escapes_special_characters_in_client_label" file="C:\Proyectos\cursor\omnichannel-ddd-eda\tests\Unit\Observability\PrometheusTextRendererTest.php" line="39" class="Tests\Unit\Observability\PrometheusTextRendererTest" classname="Tests.Unit.Observability.PrometheusTextRendererTest" assertions="1" time="0.023357"/>
      </testsuite>
      <testsuite name="Tests\Unit\Observability\SliMetricsRecorderTest" file="C:\Proyectos\cursor\omnichannel-ddd-eda\tests\Unit\Observability\SliMetricsRecorderTest.php" tests="1" assertions="5" errors="0" failures="0" skipped="0" time="0.025678">
        <testcase name="record_persists_sli_metric_row" file="C:\Proyectos\cursor\omnichannel-ddd-eda\tests\Unit\Observability\SliMetricsRecorderTest.php" line="20" class="Tests\Unit\Observability\SliMetricsRecorderTest" classname="Tests.Unit.Observability.SliMetricsRecorderTest" assertions="5" time="0.025678"/>
      </testsuite>
      <testsuite name="Tests\Unit\Observability\StreamConnectionTrackerTest" file="C:\Proyectos\cursor\omnichannel-ddd-eda\tests\Unit\Observability\StreamConnectionTrackerTest.php" tests="1" assertions="4" errors="0" failures="0" skipped="0" time="0.030894">
        <testcase name="tracks_active_sse_connections" file="C:\Proyectos\cursor\omnichannel-ddd-eda\tests\Unit\Observability\StreamConnectionTrackerTest.php" line="14" class="Tests\Unit\Observability\StreamConnectionTrackerTest" classname="Tests.Unit.Observability.StreamConnectionTrackerTest" assertions="4" time="0.030894"/>
      </testsuite>
      <testsuite name="Tests\Unit\Observability\TraceContextTest" file="C:\Proyectos\cursor\omnichannel-ddd-eda\tests\Unit\Observability\TraceContextTest.php" tests="2" assertions="5" errors="0" failures="0" skipped="0" time="0.049585">
        <testcase name="start_uses_correlation_id_as_trace_id_when_valid_uuid" file="C:\Proyectos\cursor\omnichannel-ddd-eda\tests\Unit\Observability\TraceContextTest.php" line="15" class="Tests\Unit\Observability\TraceContextTest" classname="Tests.Unit.Observability.TraceContextTest" assertions="3" time="0.025216"/>
        <testcase name="start_generates_trace_id_when_correlation_is_missing" file="C:\Proyectos\cursor\omnichannel-ddd-eda\tests\Unit\Observability\TraceContextTest.php" line="27" class="Tests\Unit\Observability\TraceContextTest" classname="Tests.Unit.Observability.TraceContextTest" assertions="2" time="0.024369"/>
      </testsuite>
      <testsuite name="Tests\Unit\Platform\ClientSimulationDeadlineTest" file="C:\Proyectos\cursor\omnichannel-ddd-eda\tests\Unit\Platform\ClientSimulationDeadlineTest.php" tests="1" assertions="2" errors="0" failures="0" skipped="0" time="0.023996">
        <testcase name="resolve_publish_plan_caps_total_by_duration" file="C:\Proyectos\cursor\omnichannel-ddd-eda\tests\Unit\Platform\ClientSimulationDeadlineTest.php" line="14" class="Tests\Unit\Platform\ClientSimulationDeadlineTest" classname="Tests.Unit.Platform.ClientSimulationDeadlineTest" assertions="2" time="0.023996"/>
      </testsuite>
      <testsuite name="Tests\Unit\Platform\ClientSimulationFixedCountTest" file="C:\Proyectos\cursor\omnichannel-ddd-eda\tests\Unit\Platform\ClientSimulationFixedCountTest.php" tests="1" assertions="2" errors="0" failures="0" skipped="0" time="0.022604">
        <testcase name="resolve_publish_plan_fixes_total_for_rate_times_duration" file="C:\Proyectos\cursor\omnichannel-ddd-eda\tests\Unit\Platform\ClientSimulationFixedCountTest.php" line="14" class="Tests\Unit\Platform\ClientSimulationFixedCountTest" classname="Tests.Unit.Platform.ClientSimulationFixedCountTest" assertions="2" time="0.022604"/>
      </testsuite>
      <testsuite name="Tests\Unit\Platform\ClientSimulationPublishPlanTest" file="C:\Proyectos\cursor\omnichannel-ddd-eda\tests\Unit\Platform\ClientSimulationPublishPlanTest.php" tests="3" assertions="6" errors="0" failures="0" skipped="0" time="0.066201">
        <testcase name="burst_mode_uses_events_count_only" file="C:\Proyectos\cursor\omnichannel-ddd-eda\tests\Unit\Platform\ClientSimulationPublishPlanTest.php" line="14" class="Tests\Unit\Platform\ClientSimulationPublishPlanTest" classname="Tests.Unit.Platform.ClientSimulationPublishPlanTest" assertions="2" time="0.022048"/>
        <testcase name="per_minute_with_duration_computes_total_and_interval" file="C:\Proyectos\cursor\omnichannel-ddd-eda\tests\Unit\Platform\ClientSimulationPublishPlanTest.php" line="23" class="Tests\Unit\Platform\ClientSimulationPublishPlanTest" classname="Tests.Unit.Platform.ClientSimulationPublishPlanTest" assertions="2" time="0.022765"/>
        <testcase name="per_minute_without_duration_defaults_to_one_minute_of_events" file="C:\Proyectos\cursor\omnichannel-ddd-eda\tests\Unit\Platform\ClientSimulationPublishPlanTest.php" line="32" class="Tests\Unit\Platform\ClientSimulationPublishPlanTest" classname="Tests.Unit.Platform.ClientSimulationPublishPlanTest" assertions="2" time="0.021388"/>
      </testsuite>
      <testsuite name="Tests\Unit\Platform\InstanceDeploymentServiceTest" file="C:\Proyectos\cursor\omnichannel-ddd-eda\tests\Unit\Platform\InstanceDeploymentServiceTest.php" tests="2" assertions="5" errors="0" failures="0" skipped="0" time="0.047511">
        <testcase name="tenant_not_bound_when_slug_differs_from_instance" file="C:\Proyectos\cursor\omnichannel-ddd-eda\tests\Unit\Platform\InstanceDeploymentServiceTest.php" line="18" class="Tests\Unit\Platform\InstanceDeploymentServiceTest" classname="Tests.Unit.Platform.InstanceDeploymentServiceTest" assertions="3" time="0.023520"/>
        <testcase name="cross_tenant_portal_allowed_when_multi_tenant_flag_enabled" file="C:\Proyectos\cursor\omnichannel-ddd-eda\tests\Unit\Platform\InstanceDeploymentServiceTest.php" line="43" class="Tests\Unit\Platform\InstanceDeploymentServiceTest" classname="Tests.Unit.Platform.InstanceDeploymentServiceTest" assertions="2" time="0.023991"/>
      </testsuite>
      <testsuite name="Tests\Unit\Platform\InstanceTenantContextTest" file="C:\Proyectos\cursor\omnichannel-ddd-eda\tests\Unit\Platform\InstanceTenantContextTest.php" tests="2" assertions="5" errors="0" failures="0" skipped="0" time="0.045673">
        <testcase name="exposes_client_slug_and_name_from_config" file="C:\Proyectos\cursor\omnichannel-ddd-eda\tests\Unit\Platform\InstanceTenantContextTest.php" line="14" class="Tests\Unit\Platform\InstanceTenantContextTest" classname="Tests.Unit.Platform.InstanceTenantContextTest" assertions="3" time="0.022351"/>
        <testcase name="log_context_includes_slug_and_deployment_mode" file="C:\Proyectos\cursor\omnichannel-ddd-eda\tests\Unit\Platform\InstanceTenantContextTest.php" line="30" class="Tests\Unit\Platform\InstanceTenantContextTest" classname="Tests.Unit.Platform.InstanceTenantContextTest" assertions="2" time="0.023321"/>
      </testsuite>
      <testsuite name="Tests\Unit\Platform\LocalFleet\LocalFleetRegistryTest" file="C:\Proyectos\cursor\omnichannel-ddd-eda\tests\Unit\Platform\LocalFleet\LocalFleetRegistryTest.php" tests="1" assertions="5" errors="0" failures="0" skipped="0" time="0.055127">
        <testcase name="it_allocates_next_port_and_upserts_by_slug" file="C:\Proyectos\cursor\omnichannel-ddd-eda\tests\Unit\Platform\LocalFleet\LocalFleetRegistryTest.php" line="15" class="Tests\Unit\Platform\LocalFleet\LocalFleetRegistryTest" classname="Tests.Unit.Platform.LocalFleet.LocalFleetRegistryTest" assertions="5" time="0.055127"/>
      </testsuite>
      <testsuite name="Tests\Unit\Platform\LocalInstanceEnvironmentLoaderTest" file="C:\Proyectos\cursor\omnichannel-ddd-eda\tests\Unit\Platform\LocalInstanceEnvironmentLoaderTest.php" tests="1" assertions="6" errors="0" failures="0" skipped="0" time="0.043252">
        <testcase name="it_loads_database_path_from_instance_env_file" file="C:\Proyectos\cursor\omnichannel-ddd-eda\tests\Unit\Platform\LocalInstanceEnvironmentLoaderTest.php" line="14" class="Tests\Unit\Platform\LocalInstanceEnvironmentLoaderTest" classname="Tests.Unit.Platform.LocalInstanceEnvironmentLoaderTest" assertions="6" time="0.043252"/>
      </testsuite>
      <testsuite name="Tests\Unit\Platform\ModulesConfigPathTest" file="C:\Proyectos\cursor\omnichannel-ddd-eda\tests\Unit\Platform\ModulesConfigPathTest.php" tests="2" assertions="2" errors="0" failures="0" skipped="0" time="0.052159">
        <testcase name="resolves_relative_modules_config_path_from_env" file="C:\Proyectos\cursor\omnichannel-ddd-eda\tests\Unit\Platform\ModulesConfigPathTest.php" line="14" class="Tests\Unit\Platform\ModulesConfigPathTest" classname="Tests.Unit.Platform.ModulesConfigPathTest" assertions="1" time="0.028603"/>
        <testcase name="falls_back_to_default_when_env_missing" file="C:\Proyectos\cursor\omnichannel-ddd-eda\tests\Unit\Platform\ModulesConfigPathTest.php" line="25" class="Tests\Unit\Platform\ModulesConfigPathTest" classname="Tests.Unit.Platform.ModulesConfigPathTest" assertions="1" time="0.023556"/>
      </testsuite>
      <testsuite name="Tests\Unit\Platform\PlatformDatabaseReadinessTest" file="C:\Proyectos\cursor\omnichannel-ddd-eda\tests\Unit\Platform\PlatformDatabaseReadinessTest.php" tests="3" assertions="4" errors="0" failures="0" skipped="0" time="0.074429">
        <testcase name="can_query_schema_is_false_when_sqlite_file_missing" file="C:\Proyectos\cursor\omnichannel-ddd-eda\tests\Unit\Platform\PlatformDatabaseReadinessTest.php" line="14" class="Tests\Unit\Platform\PlatformDatabaseReadinessTest" classname="Tests.Unit.Platform.PlatformDatabaseReadinessTest" assertions="1" time="0.024379"/>
        <testcase name="can_query_schema_is_true_for_in_memory_sqlite" file="C:\Proyectos\cursor\omnichannel-ddd-eda\tests\Unit\Platform\PlatformDatabaseReadinessTest.php" line="25" class="Tests\Unit\Platform\PlatformDatabaseReadinessTest" classname="Tests.Unit.Platform.PlatformDatabaseReadinessTest" assertions="1" time="0.023194"/>
        <testcase name="can_query_schema_is_true_when_sqlite_file_exists" file="C:\Proyectos\cursor\omnichannel-ddd-eda\tests\Unit\Platform\PlatformDatabaseReadinessTest.php" line="36" class="Tests\Unit\Platform\PlatformDatabaseReadinessTest" classname="Tests.Unit.Platform.PlatformDatabaseReadinessTest" assertions="2" time="0.026855"/>
      </testsuite>
      <testsuite name="Tests\Unit\Platform\SessionXsrfCookieConfigTest" file="C:\Proyectos\cursor\omnichannel-ddd-eda\tests\Unit\Platform\SessionXsrfCookieConfigTest.php" tests="1" assertions="2" errors="0" failures="0" skipped="0" time="0.024195">
        <testcase name="xsrf_cookie_name_is_derived_from_session_cookie_for_local_fleet" file="C:\Proyectos\cursor\omnichannel-ddd-eda\tests\Unit\Platform\SessionXsrfCookieConfigTest.php" line="13" class="Tests\Unit\Platform\SessionXsrfCookieConfigTest" classname="Tests.Unit.Platform.SessionXsrfCookieConfigTest" assertions="2" time="0.024195"/>
      </testsuite>
[...]
        <testcase name="post_publish_then_get_event_by_id_returns_tracking_row" file="C:\Proyectos\cursor\omnichannel-ddd-eda\tests\Feature\Middleware\MiddlewareControlApiTest.php" line="212" class="Tests\Feature\Middleware\MiddlewareControlApiTest" classname="Tests.Feature.Middleware.MiddlewareControlApiTest" assertions="7" time="0.062478"/>
        <testcase name="get_unknown_event_id_returns_404" file="C:\Proyectos\cursor\omnichannel-ddd-eda\tests\Feature\Middleware\MiddlewareControlApiTest.php" line="241" class="Tests\Feature\Middleware\MiddlewareControlApiTest" classname="Tests.Feature.Middleware.MiddlewareControlApiTest" assertions="2" time="0.030129"/>
        <testcase name="get_dead_letters_returns_list_envelope" file="C:\Proyectos\cursor\omnichannel-ddd-eda\tests\Feature\Middleware\MiddlewareControlApiTest.php" line="251" class="Tests\Feature\Middleware\MiddlewareControlApiTest" classname="Tests.Feature.Middleware.MiddlewareControlApiTest" assertions="4" time="0.033307"/>
      </testsuite>
      <testsuite name="Tests\Feature\Middleware\MiddlewarePipelineEndToEndTest" file="C:\Proyectos\cursor\omnichannel-ddd-eda\tests\Feature\Middleware\MiddlewarePipelineEndToEndTest.php" tests="4" assertions="43" errors="0" failures="0" skipped="0" time="0.270161">
        <testcase name="post_registry_sync_config_is_idempotent_for_persisted_module_rows" file="C:\Proyectos\cursor\omnichannel-ddd-eda\tests\Feature\Middleware\MiddlewarePipelineEndToEndTest.php" line="23" class="Tests\Feature\Middleware\MiddlewarePipelineEndToEndTest" classname="Tests.Feature.Middleware.MiddlewarePipelineEndToEndTest" assertions="11" time="0.047157"/>
        <testcase name="post_registry_sync_config_from_declarative_catalog_only_remains_stable_on_second_sync" file="C:\Proyectos\cursor\omnichannel-ddd-eda\tests\Feature\Middleware\MiddlewarePipelineEndToEndTest.php" line="74" class="Tests\Feature\Middleware\MiddlewarePipelineEndToEndTest" classname="Tests.Feature.Middleware.MiddlewarePipelineEndToEndTest" assertions="4" time="0.053282"/>
        <testcase name="post_publish_invokes_subscribed_string_listener" file="C:\Proyectos\cursor\omnichannel-ddd-eda\tests\Feature\Middleware\MiddlewarePipelineEndToEndTest.php" line="104" class="Tests\Feature\Middleware\MiddlewarePipelineEndToEndTest" classname="Tests.Feature.Middleware.MiddlewarePipelineEndToEndTest" assertions="5" time="0.068213"/>
        <testcase name="full_flow_modules_config_sync_publish_exposed_in_queue_topology_and_dashboard_catalog" file="C:\Proyectos\cursor\omnichannel-ddd-eda\tests\Feature\Middleware\MiddlewarePipelineEndToEndTest.php" line="141" class="Tests\Feature\Middleware\MiddlewarePipelineEndToEndTest" classname="Tests.Feature.Middleware.MiddlewarePipelineEndToEndTest" assertions="23" time="0.101509"/>
      </testsuite>
      <testsuite name="Tests\Feature\Middleware\MiddlewarePipelineTest" file="C:\Proyectos\cursor\omnichannel-ddd-eda\tests\Feature\Middleware\MiddlewarePipelineTest.php" tests="2" assertions="4" errors="0" failures="0" skipped="0" time="0.099674">
        <testcase name="publish_propagates_correlation_id_from_header" file="C:\Proyectos\cursor\omnichannel-ddd-eda\tests\Feature\Middleware\MiddlewarePipelineTest.php" line="17" class="Tests\Feature\Middleware\MiddlewarePipelineTest" classname="Tests.Feature.Middleware.MiddlewarePipelineTest" assertions="3" time="0.061243"/>
        <testcase name="schema_validation_rejects_invalid_payload_when_enabled" file="C:\Proyectos\cursor\omnichannel-ddd-eda\tests\Feature\Middleware\MiddlewarePipelineTest.php" line="48" class="Tests\Feature\Middleware\MiddlewarePipelineTest" classname="Tests.Feature.Middleware.MiddlewarePipelineTest" assertions="1" time="0.038430"/>
      </testsuite>
      <testsuite name="Tests\Feature\Middleware\ResilienceApiTest" file="C:\Proyectos\cursor\omnichannel-ddd-eda\tests\Feature\Middleware\ResilienceApiTest.php" tests="3" assertions="9" errors="0" failures="0" skipped="0" time="0.226507">
        <testcase name="duplicate_publish_returns_200_idempotent" file="C:\Proyectos\cursor\omnichannel-ddd-eda\tests\Feature\Middleware\ResilienceApiTest.php" line="19" class="Tests\Feature\Middleware\ResilienceApiTest" classname="Tests.Feature.Middleware.ResilienceApiTest" assertions="3" time="0.072817"/>
        <testcase name="dead_letter_can_be_requeued" file="C:\Proyectos\cursor\omnichannel-ddd-eda\tests\Feature\Middleware\ResilienceApiTest.php" line="41" class="Tests\Feature\Middleware\ResilienceApiTest" classname="Tests.Feature.Middleware.ResilienceApiTest" assertions="3" time="0.067698"/>
        <testcase name="publish_records_retry_attempt_row" file="C:\Proyectos\cursor\omnichannel-ddd-eda\tests\Feature\Middleware\ResilienceApiTest.php" line="74" class="Tests\Feature\Middleware\ResilienceApiTest" classname="Tests.Feature.Middleware.ResilienceApiTest" assertions="3" time="0.085992"/>
      </testsuite>
      <testsuite name="Tests\Feature\Monitoring\CanaryPublishCommandTest" file="C:\Proyectos\cursor\omnichannel-ddd-eda\tests\Feature\Monitoring\CanaryPublishCommandTest.php" tests="1" assertions="2" errors="0" failures="0" skipped="0" time="0.057178">
        <testcase name="canary_publish_command_succeeds_on_healthy_bus" file="C:\Proyectos\cursor\omnichannel-ddd-eda\tests\Feature\Monitoring\CanaryPublishCommandTest.php" line="16" class="Tests\Feature\Monitoring\CanaryPublishCommandTest" classname="Tests.Feature.Monitoring.CanaryPublishCommandTest" assertions="2" time="0.057178"/>
      </testsuite>
      <testsuite name="Tests\Feature\Monitoring\EvaluateMonitoringAlertsCommandTest" file="C:\Proyectos\cursor\omnichannel-ddd-eda\tests\Feature\Monitoring\EvaluateMonitoringAlertsCommandTest.php" tests="2" assertions="4" errors="0" failures="0" skipped="0" time="0.087327">
        <testcase name="monitoring_evaluate_returns_success_when_no_alerts" file="C:\Proyectos\cursor\omnichannel-ddd-eda\tests\Feature\Monitoring\EvaluateMonitoringAlertsCommandTest.php" line="16" class="Tests\Feature\Monitoring\EvaluateMonitoringAlertsCommandTest" classname="Tests.Feature.Monitoring.EvaluateMonitoringAlertsCommandTest" assertions="1" time="0.041567"/>
        <testcase name="monitoring_evaluate_json_outputs_array" file="C:\Proyectos\cursor\omnichannel-ddd-eda\tests\Feature\Monitoring\EvaluateMonitoringAlertsCommandTest.php" line="23" class="Tests\Feature\Monitoring\EvaluateMonitoringAlertsCommandTest" classname="Tests.Feature.Monitoring.EvaluateMonitoringAlertsCommandTest" assertions="3" time="0.045760"/>
      </testsuite>
      <testsuite name="Tests\Feature\Observability\CorrelationIdMiddlewareTest" file="C:\Proyectos\cursor\omnichannel-ddd-eda\tests\Feature\Observability\CorrelationIdMiddlewareTest.php" tests="2" assertions="5" errors="0" failures="0" skipped="0" time="0.081269">
        <testcase name="api_generates_correlation_id_when_missing_and_echoes_header" file="C:\Proyectos\cursor\omnichannel-ddd-eda\tests\Feature\Observability\CorrelationIdMiddlewareTest.php" line="17" class="Tests\Feature\Observability\CorrelationIdMiddlewareTest" classname="Tests.Feature.Observability.CorrelationIdMiddlewareTest" assertions="3" time="0.040967"/>
        <testcase name="api_preserves_incoming_correlation_id_header" file="C:\Proyectos\cursor\omnichannel-ddd-eda\tests\Feature\Observability\CorrelationIdMiddlewareTest.php" line="28" class="Tests\Feature\Observability\CorrelationIdMiddlewareTest" classname="Tests.Feature.Observability.CorrelationIdMiddlewareTest" assertions="2" time="0.040303"/>
      </testsuite>
      <testsuite name="Tests\Feature\Observability\PrometheusMetricsEndpointTest" file="C:\Proyectos\cursor\omnichannel-ddd-eda\tests\Feature\Observability\PrometheusMetricsEndpointTest.php" tests="2" assertions="14" errors="0" failures="0" skipped="0" time="0.077387">
        <testcase name="metrics_endpoint_returns_prometheus_text_format" file="C:\Proyectos\cursor\omnichannel-ddd-eda\tests\Feature\Observability\PrometheusMetricsEndpointTest.php" line="17" class="Tests\Feature\Observability\PrometheusMetricsEndpointTest" classname="Tests.Feature.Observability.PrometheusMetricsEndpointTest" assertions="13" time="0.041369"/>
        <testcase name="exporter_builds_valid_prometheus_lines" file="C:\Proyectos\cursor\omnichannel-ddd-eda\tests\Feature\Observability\PrometheusMetricsEndpointTest.php" line="36" class="Tests\Feature\Observability\PrometheusMetricsEndpointTest" classname="Tests.Feature.Observability.PrometheusMetricsEndpointTest" assertions="1" time="0.036018"/>
      </testsuite>
      <testsuite name="Tests\Feature\Platform\CleanEnvironmentCommandTest" file="C:\Proyectos\cursor\omnichannel-ddd-eda\tests\Feature\Platform\CleanEnvironmentCommandTest.php" tests="2" assertions="3" errors="0" failures="0" skipped="0" time="0.110558">
        <testcase name="clean_environment_runs_full_purge_and_passes_audit_with_isolated_registry" file="C:\Proyectos\cursor\omnichannel-ddd-eda\tests\Feature\Platform\CleanEnvironmentCommandTest.php" line="24" class="Tests\Feature\Platform\CleanEnvironmentCommandTest" classname="Tests.Feature.Platform.CleanEnvironmentCommandTest" assertions="2" time="0.077983"/>
        <testcase name="verify_reports_soft_deleted_tenant_as_survivor" file="C:\Proyectos\cursor\omnichannel-ddd-eda\tests\Feature\Platform\CleanEnvironmentCommandTest.php" line="81" class="Tests\Feature\Platform\CleanEnvironmentCommandTest" classname="Tests.Feature.Platform.CleanEnvironmentCommandTest" assertions="1" time="0.032575"/>
      </testsuite>
      <testsuite name="Tests\Feature\Platform\PurgePlatformRetentionTest" file="C:\Proyectos\cursor\omnichannel-ddd-eda\tests\Feature\Platform\PurgePlatformRetentionTest.php" tests="3" assertions="7" errors="0" failures="0" skipped="0" time="0.103744">
        <testcase name="purge_retention_deletes_old_message_queue_rows" file="C:\Proyectos\cursor\omnichannel-ddd-eda\tests\Feature\Platform\PurgePlatformRetentionTest.php" line="18" class="Tests\Feature\Platform\PurgePlatformRetentionTest" classname="Tests.Feature.Platform.PurgePlatformRetentionTest" assertions="3" time="0.039095"/>
        <testcase name="purge_retention_dry_run_does_not_delete" file="C:\Proyectos\cursor\omnichannel-ddd-eda\tests\Feature\Platform\PurgePlatformRetentionTest.php" line="55" class="Tests\Feature\Platform\PurgePlatformRetentionTest" classname="Tests.Feature.Platform.PurgePlatformRetentionTest" assertions="2" time="0.031883"/>
        <testcase name="middleware_database_seeder_creates_default_channel" file="C:\Proyectos\cursor\omnichannel-ddd-eda\tests\Feature\Platform\PurgePlatformRetentionTest.php" line="78" class="Tests\Feature\Platform\PurgePlatformRetentionTest" classname="Tests.Feature.Platform.PurgePlatformRetentionTest" assertions="2" time="0.032766"/>
      </testsuite>
      <testsuite name="Tests\Feature\Platform\ResetLocalEnvironmentCommandTest" file="C:\Proyectos\cursor\omnichannel-ddd-eda\tests\Feature\Platform\ResetLocalEnvironmentCommandTest.php" tests="4" assertions="14" errors="0" failures="0" skipped="0" time="4.308153">
        <testcase name="it_clears_simulation_history_and_handoffs_on_control_plane" file="C:\Proyectos\cursor\omnichannel-ddd-eda\tests\Feature\Platform\ResetLocalEnvironmentCommandTest.php" line="27" class="Tests\Feature\Platform\ResetLocalEnvironmentCommandTest" classname="Tests.Feature.Platform.ResetLocalEnvironmentCommandTest" assertions="3" time="0.054421"/>
        <testcase name="it_rejects_reset_when_not_on_control_plane_host" file="C:\Proyectos\cursor\omnichannel-ddd-eda\tests\Feature\Platform\ResetLocalEnvironmentCommandTest.php" line="59" class="Tests\Feature\Platform\ResetLocalEnvironmentCommandTest" classname="Tests.Feature.Platform.ResetLocalEnvironmentCommandTest" assertions="1" time="0.035955"/>
        <testcase name="purge_tenants_a_removes_orphan_control_plane_rows_not_only_fleet_registry" file="C:\Proyectos\cursor\omnichannel-ddd-eda\tests\Feature\Platform\ResetLocalEnvironmentCommandTest.php" line="68" class="Tests\Feature\Platform\ResetLocalEnvironmentCommandTest" classname="Tests.Feature.Platform.ResetLocalEnvironmentCommandTest" assertions="4" time="0.050118"/>
        <testcase name="purge_tenants_z_recycles_soft_deleted_historical_slug_pruebas" file="C:\Proyectos\cursor\omnichannel-ddd-eda\tests\Feature\Platform\ResetLocalEnvironmentCommandTest.php" line="108" class="Tests\Feature\Platform\ResetLocalEnvironmentCommandTest" classname="Tests.Feature.Platform.ResetLocalEnvironmentCommandTest" assertions="6" time="4.167659"/>
      </testsuite>
      <testsuite name="Tests\Feature\Platform\SimulateClientCommandTest" file="C:\Proyectos\cursor\omnichannel-ddd-eda\tests\Feature\Platform\SimulateClientCommandTest.php" tests="3" assertions="9" errors="0" failures="0" skipped="0" time="0.288709">
        <testcase name="simulate_retailco_publishes_events_and_syncs_registry" file="C:\Proyectos\cursor\omnichannel-ddd-eda\tests\Feature\Platform\SimulateClientCommandTest.php" line="16" class="Tests\Feature\Platform\SimulateClientCommandTest" classname="Tests.Feature.Platform.SimulateClientCommandTest" assertions="7" time="0.177211"/>
        <testcase name="simulate_acmepos_fixture_is_valid" file="C:\Proyectos\cursor\omnichannel-ddd-eda\tests\Feature\Platform\SimulateClientCommandTest.php" line="33" class="Tests\Feature\Platform\SimulateClientCommandTest" classname="Tests.Feature.Platform.SimulateClientCommandTest" assertions="1" time="0.082269"/>
        <testcase name="simulate_unknown_slug_fails" file="C:\Proyectos\cursor\omnichannel-ddd-eda\tests\Feature\Platform\SimulateClientCommandTest.php" line="42" class="Tests\Feature\Platform\SimulateClientCommandTest" classname="Tests.Feature.Platform.SimulateClientCommandTest" assertions="1" time="0.029230"/>
      </testsuite>
      <testsuite name="Tests\Feature\Quality\CheckApplicationCoverageCommandTest" file="C:\Proyectos\cursor\omnichannel-ddd-eda\tests\Feature\Quality\CheckApplicationCoverageCommandTest.php" tests="2" assertions="3" errors="0" failures="0" skipped="0" time="0.059631">
        <testcase name="quality_coverage_command_passes_on_fixture_clover" file="C:\Proyectos\cursor\omnichannel-ddd-eda\tests\Feature\Quality\CheckApplicationCoverageCommandTest.php" line="13" class="Tests\Feature\Quality\CheckApplicationCoverageCommandTest" classname="Tests.Feature.Quality.CheckApplicationCoverageCommandTest" assertions="1" time="0.030531"/>
        <testcase name="quality_coverage_json_outputs_gate_result" file="C:\Proyectos\cursor\omnichannel-ddd-eda\tests\Feature\Quality\CheckApplicationCoverageCommandTest.php" line="22" class="Tests\Feature\Quality\CheckApplicationCoverageCommandTest" classname="Tests.Feature.Quality.CheckApplicationCoverageCommandTest" assertions="2" time="0.029100"/>
      </testsuite>
      <testsuite name="Tests\Feature\Security\PlatformApiAuthenticationTest" file="C:\Proyectos\cursor\omnichannel-ddd-eda\tests\Feature\Security\PlatformApiAuthenticationTest.php" tests="5" assertions="7" errors="0" failures="0" skipped="0" time="0.208387">
        <testcase name="middleware_status_returns_401_without_credentials" file="C:\Proyectos\cursor\omnichannel-ddd-eda\tests\Feature\Security\PlatformApiAuthenticationTest.php" line="25" class="Tests\Feature\Security\PlatformApiAuthenticationTest" classname="Tests.Feature.Security.PlatformApiAuthenticationTest" assertions="1" time="0.030284"/>
        <testcase name="middleware_status_accepts_static_api_key" file="C:\Proyectos\cursor\omnichannel-ddd-eda\tests\Feature\Security\PlatformApiAuthenticationTest.php" line="31" class="Tests\Feature\Security\PlatformApiAuthenticationTest" classname="Tests.Feature.Security.PlatformApiAuthenticationTest" assertions="2" time="0.042883"/>
        <testcase name="publish_requires_events_publish_ability" file="C:\Proyectos\cursor\omnichannel-ddd-eda\tests\Feature\Security\PlatformApiAuthenticationTest.php" line="40" class="Tests\Feature\Security\PlatformApiAuthenticationTest" classname="Tests.Feature.Security.PlatformApiAuthenticationTest" assertions="1" time="0.031844"/>
        <testcase name="sync_config_writes_audit_log_when_enabled" file="C:\Proyectos\cursor\omnichannel-ddd-eda\tests\Feature\Security\PlatformApiAuthenticationTest.php" line="55" class="Tests\Feature\Security\PlatformApiAuthenticationTest" classname="Tests.Feature.Security.PlatformApiAuthenticationTest" assertions="2" time="0.052080"/>
        <testcase name="sanctum_token_grants_access_with_abilities" file="C:\Proyectos\cursor\omnichannel-ddd-eda\tests\Feature\Security\PlatformApiAuthenticationTest.php" line="65" class="Tests\Feature\Security\PlatformApiAuthenticationTest" classname="Tests.Feature.Security.PlatformApiAuthenticationTest" assertions="1" time="0.051296"/>
      </testsuite>
      <testsuite name="Tests\Feature\TenantLifecycleTest" file="C:\Proyectos\cursor\omnichannel-ddd-eda\tests\Feature\TenantLifecycleTest.php" tests="4" assertions="15" errors="0" failures="0" skipped="0" time="0.110079">
        <testcase name="test_tenant_lifecycle_policy_rules" file="C:\Proyectos\cursor\omnichannel-ddd-eda\tests\Feature\TenantLifecycleTest.php" line="25" class="Tests\Feature\TenantLifecycleTest" classname="Tests.Feature.TenantLifecycleTest" assertions="7" time="0.023112"/>
        <testcase name="test_infer_lifecycle_default_cases" file="C:\Proyectos\cursor\omnichannel-ddd-eda\tests\Feature\TenantLifecycleTest.php" line="41" class="Tests\Feature\TenantLifecycleTest" classname="Tests.Feature.TenantLifecycleTest" assertions="3" time="0.024466"/>
        <testcase name="test_middleware_blocks_suspended_tenant_in_silo" file="C:\Proyectos\cursor\omnichannel-ddd-eda\tests\Feature\TenantLifecycleTest.php" line="61" class="Tests\Feature\TenantLifecycleTest" classname="Tests.Feature.TenantLifecycleTest" assertions="3" time="0.031644"/>
        <testcase name="test_middleware_allows_active_tenant_in_silo" file="C:\Proyectos\cursor\omnichannel-ddd-eda\tests\Feature\TenantLifecycleTest.php" line="98" class="Tests\Feature\TenantLifecycleTest" classname="Tests.Feature.TenantLifecycleTest" assertions="2" time="0.030857"/>
      </testsuite>
    </testsuite>
    <testsuite name="E2E" tests="2" assertions="33" errors="0" failures="0" skipped="0" time="0.355899">
      <testsuite name="Tests\E2E\Middleware\ClientProductionLikeSimulationTest" file="C:\Proyectos\cursor\omnichannel-ddd-eda\tests\E2E\Middleware\ClientProductionLikeSimulationTest.php" tests="1" assertions="31" errors="0" failures="0" skipped="0" time="0.154911">
        <testcase name="multi_event_type_client_sync_publish_queue_catalog_and_event_status_remain_consistent" file="C:\Proyectos\cursor\omnichannel-ddd-eda\tests\E2E\Middleware\ClientProductionLikeSimulationTest.php" line="22" class="Tests\E2E\Middleware\ClientProductionLikeSimulationTest" classname="Tests.E2E.Middleware.ClientProductionLikeSimulationTest" assertions="31" time="0.154911"/>
      </testsuite>
      <testsuite name="Tests\E2E\Middleware\MultiClientFixtureSimulationTest" file="C:\Proyectos\cursor\omnichannel-ddd-eda\tests\E2E\Middleware\MultiClientFixtureSimulationTest.php" tests="1" assertions="2" errors="0" failures="0" skipped="0" time="0.200988">
        <testcase name="all_versioned_client_fixtures_simulate_successfully" file="C:\Proyectos\cursor\omnichannel-ddd-eda\tests\E2E\Middleware\MultiClientFixtureSimulationTest.php" line="19" class="Tests\E2E\Middleware\MultiClientFixtureSimulationTest" classname="Tests.E2E.Middleware.MultiClientFixtureSimulationTest" assertions="2" time="0.200988"/>
      </testsuite>
    </testsuite>
  </testsuite>
</testsuites>
